Using pre-set license
Built from '2021.3/china_unity/release' branch; Version is '2021.3.1f1c1 (0cb3bd085a01) revision 832445'; Using compiler version '192829333'; Build Type 'Release'
OS: 'Windows 10  (10.0.19044) 64bit CoreCountrySpecific' Language: 'zh' Physical Memory: 16122 MB
BatchMode: 1, IsHumanControllingUs: 0, StartBugReporterOnCrash: 0, Is64bit: 1, IsPro: 1

COMMAND LINE ARGUMENTS:
C:\Program Files\Unity\Hub\Editor\2021.3.1f1c1\Editor\Unity.exe
-adb2
-batchMode
-noUpm
-name
AssetImportWorker0
-projectPath
C:/Users/ASUS/Desktop/Aphaca/RUN
-logFile
Logs/AssetImportWorker0.log
-srvPort
52229
Successfully changed project path to: C:/Users/ASUS/Desktop/Aphaca/RUN
C:/Users/ASUS/Desktop/Aphaca/RUN
[UnityMemory] Configuration Parameters - Can be set up in boot.config
    "memorysetup-bucket-allocator-granularity=16"
    "memorysetup-bucket-allocator-bucket-count=8"
    "memorysetup-bucket-allocator-block-size=33554432"
    "memorysetup-bucket-allocator-block-count=8"
    "memorysetup-main-allocator-block-size=16777216"
    "memorysetup-thread-allocator-block-size=16777216"
    "memorysetup-gfx-main-allocator-block-size=16777216"
    "memorysetup-gfx-thread-allocator-block-size=16777216"
    "memorysetup-cache-allocator-block-size=4194304"
    "memorysetup-typetree-allocator-block-size=2097152"
    "memorysetup-profiler-bucket-allocator-granularity=16"
    "memorysetup-profiler-bucket-allocator-bucket-count=8"
    "memorysetup-profiler-bucket-allocator-block-size=33554432"
    "memorysetup-profiler-bucket-allocator-block-count=8"
    "memorysetup-profiler-allocator-block-size=16777216"
    "memorysetup-profiler-editor-allocator-block-size=1048576"
    "memorysetup-temp-allocator-size-main=16777216"
    "memorysetup-job-temp-allocator-block-size=2097152"
    "memorysetup-job-temp-allocator-block-size-background=1048576"
    "memorysetup-job-temp-allocator-reduction-small-platforms=262144"
    "memorysetup-temp-allocator-size-background-worker=32768"
    "memorysetup-temp-allocator-size-job-worker=262144"
    "memorysetup-temp-allocator-size-preload-manager=33554432"
    "memorysetup-temp-allocator-size-nav-mesh-worker=65536"
    "memorysetup-temp-allocator-size-audio-worker=65536"
    "memorysetup-temp-allocator-size-cloud-worker=32768"
    "memorysetup-temp-allocator-size-gi-baking-worker=262144"
    "memorysetup-temp-allocator-size-gfx=262144"
AS: AutoStreaming module initializing.
Refreshing native plugins compatible for Editor in 66.68 ms, found 3 plugins.
Preloading 0 native plugins for Editor in 0.00 ms.
Initialize engine version: 2021.3.1f1c1 (0cb3bd085a01)
[Subsystems] Discovering subsystems at path C:/Program Files/Unity/Hub/Editor/2021.3.1f1c1/Editor/Data/Resources/UnitySubsystems
[Subsystems] Discovering subsystems at path C:/Users/ASUS/Desktop/Aphaca/RUN/Assets
GfxDevice: creating device client; threaded=0; jobified=0
Direct3D:
    Version:  Direct3D 11.0 [level 11.1]
    Renderer: NVIDIA GeForce RTX 3060 Laptop GPU (ID=0x2520)
    Vendor:   NVIDIA
    VRAM:     6023 MB
    Driver:   30.0.15.1179
Initialize mono
Mono path[0] = 'C:/Program Files/Unity/Hub/Editor/2021.3.1f1c1/Editor/Data/Managed'
Mono path[1] = 'C:/Program Files/Unity/Hub/Editor/2021.3.1f1c1/Editor/Data/MonoBleedingEdge/lib/mono/unityjit-win32'
Mono config path = 'C:/Program Files/Unity/Hub/Editor/2021.3.1f1c1/Editor/Data/MonoBleedingEdge/etc'
Using monoOptions --debugger-agent=transport=dt_socket,embedding=1,server=y,suspend=n,address=127.0.0.1:56368
Begin MonoManager ReloadAssembly
Registering precompiled unity dll's ...
Register platform support module: C:/Program Files/Unity/Hub/Editor/2021.3.1f1c1/Editor/Data/PlaybackEngines/AndroidPlayer/UnityEditor.Android.Extensions.dll
Register platform support module: C:/Program Files/Unity/Hub/Editor/2021.3.1f1c1/Editor/Data/PlaybackEngines/WindowsStandaloneSupport/UnityEditor.WindowsStandalone.Extensions.dll
Registered in 0.042284 seconds.
Native extension for WindowsStandalone target not found
Native extension for Android target not found
Refreshing native plugins compatible for Editor in 70.61 ms, found 3 plugins.
Preloading 0 native plugins for Editor in 0.00 ms.
Mono: successfully reloaded assembly
- Completed reload, in  0.658 seconds
Domain Reload Profiling:
	ReloadAssembly (659ms)
		BeginReloadAssembly (80ms)
			ExecutionOrderSort (0ms)
			DisableScriptedObjects (0ms)
			BackupInstance (0ms)
			ReleaseScriptingObjects (0ms)
			CreateAndSetChildDomain (1ms)
		EndReloadAssembly (408ms)
			LoadAssemblies (75ms)
			RebuildTransferFunctionScriptingTraits (0ms)
			SetupTypeCache (86ms)
			ReleaseScriptCaches (0ms)
			RebuildScriptCaches (23ms)
			SetupLoadedEditorAssemblies (247ms)
				LogAssemblyErrors (0ms)
				InitializePlatformSupportModulesInManaged (47ms)
				SetLoadedEditorAssemblies (0ms)
				RefreshPlugins (71ms)
				BeforeProcessingInitializeOnLoad (1ms)
				ProcessInitializeOnLoadAttributes (90ms)
				ProcessInitializeOnLoadMethodAttributes (38ms)
				AfterProcessingInitializeOnLoad (0ms)
				EditorAssembliesLoaded (0ms)
			ExecutionOrderSort2 (0ms)
			AwakeInstancesAfterBackupRestoration (0ms)
Platform modules already initialized, skipping
Registering precompiled user dll's ...
Registered in 0.009751 seconds.
Begin MonoManager ReloadAssembly
Symbol file LoadedFromMemory doesn't match image C:\Users\ASUS\Desktop\Aphaca\RUN\Library\PackageCache\com.unity.visualscripting@1.7.6\Editor\VisualScripting.Core\Dependencies\YamlDotNet\Unity.VisualScripting.YamlDotNet.dll
Symbol file LoadedFromMemory is not a mono symbol file
Symbol file LoadedFromMemory doesn't match image C:\Users\ASUS\Desktop\Aphaca\RUN\Library\PackageCache\com.unity.visualscripting@1.7.6\Editor\VisualScripting.Core\Dependencies\DotNetZip\Unity.VisualScripting.IonicZip.dll
Native extension for WindowsStandalone target not found
Native extension for Android target not found
Refreshing native plugins compatible for Editor in 0.49 ms, found 3 plugins.
Preloading 0 native plugins for Editor in 0.00 ms.
Mono: successfully reloaded assembly
- Completed reload, in  1.020 seconds
Domain Reload Profiling:
	ReloadAssembly (1021ms)
		BeginReloadAssembly (215ms)
			ExecutionOrderSort (0ms)
			DisableScriptedObjects (5ms)
			BackupInstance (0ms)
			ReleaseScriptingObjects (0ms)
			CreateAndSetChildDomain (128ms)
		EndReloadAssembly (700ms)
			LoadAssemblies (85ms)
			RebuildTransferFunctionScriptingTraits (0ms)
			SetupTypeCache (218ms)
			ReleaseScriptCaches (1ms)
			RebuildScriptCaches (45ms)
			SetupLoadedEditorAssemblies (313ms)
				LogAssemblyErrors (0ms)
				InitializePlatformSupportModulesInManaged (13ms)
				SetLoadedEditorAssemblies (0ms)
				RefreshPlugins (1ms)
				BeforeProcessingInitializeOnLoad (94ms)
				ProcessInitializeOnLoadAttributes (171ms)
				ProcessInitializeOnLoadMethodAttributes (19ms)
				AfterProcessingInitializeOnLoad (15ms)
				EditorAssembliesLoaded (0ms)
			ExecutionOrderSort2 (0ms)
			AwakeInstancesAfterBackupRestoration (5ms)
Platform modules already initialized, skipping
========================================================================
Worker process is ready to serve import requests
Launched and connected shader compiler UnityShaderCompiler.exe after 0.05 seconds
Refreshing native plugins compatible for Editor in 0.63 ms, found 3 plugins.
Preloading 0 native plugins for Editor in 0.00 ms.
Unloading 3226 Unused Serialized files (Serialized files now loaded: 0)
Unloading 23 unused Assets / (112.4 KB). Loaded Objects now: 3699.
Memory consumption went from 114.0 MB to 113.9 MB.
Total: 2.477900 ms (FindLiveObjects: 0.250900 ms CreateObjectMapping: 0.090300 ms MarkObjects: 2.039100 ms  DeleteObjects: 0.096400 ms)

AssetImportParameters requested are different than current active one (requested -> active):
  custom:video-decoder-ogg-theora: a1e56fd34408186e4bbccfd4996cb3dc -> 
  custom:container-muxer-webm: aa71ff27fc2769a1b78a27578f13a17b -> 
  custom:container-demuxer-webm: 4f35f7cbe854078d1ac9338744f61a02 -> 
  custom:video-encoder-webm-vp8: eb34c28f22e8b96e1ab97ce403110664 -> 
  custom:video-codec-MediaFoundation-h265: 746d11721c4dcdbdad8f713fa42b33f4 -> 
  custom:audio-encoder-webm-vorbis: bf7c407c2cedff20999df2af8eb42d56 -> 
  custom:framework-win-MediaFoundation: 216162199b28c13a410421893ffa2e32 -> 
  custom:container-demuxer-ogg: 62fdf1f143b41e24485cea50d1cbac27 -> 
  custom:video-decoder-webm-vp8: 9c59270c3fd7afecdb556c50c9e8de78 -> 
  custom:audio-decoder-ogg-vorbis: bf7c407c2cedff20999df2af8eb42d56 -> 
========================================================================
Received Import Request.
  Time since last request: 467077.687059 seconds.
  path: Assets/Scripts/View
  artifactKey: Guid(264ff50ab4a6a96448cbac5396d8afa4) Importer(815301076,1909f56bfc062723c751e8b465ee728b)
Start importing Assets/Scripts/View using Guid(264ff50ab4a6a96448cbac5396d8afa4) Importer(815301076,1909f56bfc062723c751e8b465ee728b)  -> (artifact id: 'e93882f991d231324704f2830025f19f') in 0.010869 seconds 
========================================================================
Received Import Request.
  Time since last request: 8.208809 seconds.
  path: Assets/UI
  artifactKey: Guid(9ff24e763f689f4449b600584fc75823) Importer(815301076,1909f56bfc062723c751e8b465ee728b)
Start importing Assets/UI using Guid(9ff24e763f689f4449b600584fc75823) Importer(815301076,1909f56bfc062723c751e8b465ee728b)  -> (artifact id: '88c48ab0047d73014dade55ae5119195') in 0.008091 seconds 
========================================================================
Received Import Request.
  Time since last request: 255.461799 seconds.
  path: Assets/UI/Copy of Tex_0195.png
  artifactKey: Guid(c10c86a5e9f321a43a5c0a0b0b559206) Importer(815301076,1909f56bfc062723c751e8b465ee728b)
Start importing Assets/UI/Copy of Tex_0195.png using Guid(c10c86a5e9f321a43a5c0a0b0b559206) Importer(815301076,1909f56bfc062723c751e8b465ee728b)  -> (artifact id: 'e6fa0c3f1f5165c321b24f9a101494e3') in 0.134768 seconds 
========================================================================
Received Import Request.
  Time since last request: 0.000049 seconds.
  path: Assets/UI/Tex_0063.png
  artifactKey: Guid(32dc93bf637b8ec4eb5380c09bfb14c0) Importer(815301076,1909f56bfc062723c751e8b465ee728b)
Start importing Assets/UI/Tex_0063.png using Guid(32dc93bf637b8ec4eb5380c09bfb14c0) Importer(815301076,1909f56bfc062723c751e8b465ee728b)  -> (artifact id: '36df533436ecc81e2b50f2618e69ee98') in 0.016536 seconds 
========================================================================
Received Import Request.
  Time since last request: 0.000037 seconds.
  path: Assets/UI/Tex_0044.png
  artifactKey: Guid(b5aad3f216eff3246aad32b8ada1bde5) Importer(815301076,1909f56bfc062723c751e8b465ee728b)
Start importing Assets/UI/Tex_0044.png using Guid(b5aad3f216eff3246aad32b8ada1bde5) Importer(815301076,1909f56bfc062723c751e8b465ee728b)  -> (artifact id: 'f57b4f84081ee1353e8b3a50c1b1a261') in 0.018423 seconds 
========================================================================
Received Import Request.
  Time since last request: 0.000034 seconds.
  path: Assets/UI/Tex_0057.png
  artifactKey: Guid(e7b17baf3382b914da3743f4c5ba6ebe) Importer(815301076,1909f56bfc062723c751e8b465ee728b)
Start importing Assets/UI/Tex_0057.png using Guid(e7b17baf3382b914da3743f4c5ba6ebe) Importer(815301076,1909f56bfc062723c751e8b465ee728b)  -> (artifact id: '12c97cf29bfabd45444f9c80d321aa7d') in 0.023358 seconds 
========================================================================
Received Import Request.
  Time since last request: 0.000033 seconds.
  path: Assets/UI/Tex_0059.png
  artifactKey: Guid(552e06f977c3bbd4a97fa42f5aabbcbc) Importer(815301076,1909f56bfc062723c751e8b465ee728b)
Start importing Assets/UI/Tex_0059.png using Guid(552e06f977c3bbd4a97fa42f5aabbcbc) Importer(815301076,1909f56bfc062723c751e8b465ee728b)  -> (artifact id: '6be4ea0025911cc26d874cb502d63482') in 0.058993 seconds 
========================================================================
Received Import Request.
  Time since last request: 0.000035 seconds.
  path: Assets/UI/Tex_0055.png
  artifactKey: Guid(8870b96d68d6eba4780177cf8a919596) Importer(815301076,1909f56bfc062723c751e8b465ee728b)
Start importing Assets/UI/Tex_0055.png using Guid(8870b96d68d6eba4780177cf8a919596) Importer(815301076,1909f56bfc062723c751e8b465ee728b)  -> (artifact id: '89825c652655af2d73bf44c519a98be2') in 0.037465 seconds 
========================================================================
Received Import Request.
  Time since last request: 0.000042 seconds.
  path: Assets/UI/Tex_0047.png
  artifactKey: Guid(ced9062712d0657478ce90ba24d88f95) Importer(815301076,1909f56bfc062723c751e8b465ee728b)
Start importing Assets/UI/Tex_0047.png using Guid(ced9062712d0657478ce90ba24d88f95) Importer(815301076,1909f56bfc062723c751e8b465ee728b)  -> (artifact id: 'b95125d5a5264fc64287b141bf932ea7') in 0.018612 seconds 
========================================================================
Received Import Request.
  Time since last request: 0.000027 seconds.
  path: Assets/UI/Tex_0045.png
  artifactKey: Guid(54c600f702b74784d978ebf5761345ab) Importer(815301076,1909f56bfc062723c751e8b465ee728b)
Start importing Assets/UI/Tex_0045.png using Guid(54c600f702b74784d978ebf5761345ab) Importer(815301076,1909f56bfc062723c751e8b465ee728b)  -> (artifact id: '3f1edaefe850ef04251372844d8b82c5') in 0.015109 seconds 
========================================================================
Received Import Request.
  Time since last request: 0.000036 seconds.
  path: Assets/UI/Tex_0038.png
  artifactKey: Guid(1bf42ded2d7e9a640941943f90e236da) Importer(815301076,1909f56bfc062723c751e8b465ee728b)
Start importing Assets/UI/Tex_0038.png using Guid(1bf42ded2d7e9a640941943f90e236da) Importer(815301076,1909f56bfc062723c751e8b465ee728b)  -> (artifact id: 'adea5e866b142d100044d678ea5c4544') in 0.038232 seconds 
========================================================================
Received Import Request.
  Time since last request: 0.000064 seconds.
  path: Assets/UI/Tex_0052.png
  artifactKey: Guid(d62c6e0feb30fc240aab8c98ed804227) Importer(815301076,1909f56bfc062723c751e8b465ee728b)
Start importing Assets/UI/Tex_0052.png using Guid(d62c6e0feb30fc240aab8c98ed804227) Importer(815301076,1909f56bfc062723c751e8b465ee728b)  -> (artifact id: 'd5865638a33a225cc9a52cd706a600b5') in 0.019481 seconds 
========================================================================
Received Import Request.
  Time since last request: 0.000034 seconds.
  path: Assets/UI/Tex_0053.png
  artifactKey: Guid(a96c538296d2b514ea1fdecd84cede67) Importer(815301076,1909f56bfc062723c751e8b465ee728b)
Start importing Assets/UI/Tex_0053.png using Guid(a96c538296d2b514ea1fdecd84cede67) Importer(815301076,1909f56bfc062723c751e8b465ee728b)  -> (artifact id: 'e99447ed92e68d196d4457d1e4e9ef34') in 0.013698 seconds 
========================================================================
Received Import Request.
  Time since last request: 0.000029 seconds.
  path: Assets/UI/Tex_0050.png
  artifactKey: Guid(59ef7c15efcdd5241b0868528f9c3200) Importer(815301076,1909f56bfc062723c751e8b465ee728b)
Start importing Assets/UI/Tex_0050.png using Guid(59ef7c15efcdd5241b0868528f9c3200) Importer(815301076,1909f56bfc062723c751e8b465ee728b)  -> (artifact id: 'f612279a91293d394cbe0687998a37e3') in 0.015961 seconds 
========================================================================
Received Import Request.
  Time since last request: 0.000053 seconds.
  path: Assets/UI/Tex_0043.png
  artifactKey: Guid(8b7d611be05c62149952f681e903c096) Importer(815301076,1909f56bfc062723c751e8b465ee728b)
Start importing Assets/UI/Tex_0043.png using Guid(8b7d611be05c62149952f681e903c096) Importer(815301076,1909f56bfc062723c751e8b465ee728b)  -> (artifact id: '02afb6a4fbf9233d1056b1f3fd6869db') in 0.025943 seconds 
========================================================================
Received Import Request.
  Time since last request: 0.000060 seconds.
  path: Assets/UI/Tex_0060.png
  artifactKey: Guid(f0785e2463d784246b95472adbc22953) Importer(815301076,1909f56bfc062723c751e8b465ee728b)
Start importing Assets/UI/Tex_0060.png using Guid(f0785e2463d784246b95472adbc22953) Importer(815301076,1909f56bfc062723c751e8b465ee728b)  -> (artifact id: 'ae5b3a0b496a9d0897dd9abfc530bb4e') in 0.016688 seconds 
========================================================================
Received Import Request.
  Time since last request: 0.000032 seconds.
  path: Assets/UI/Tex_0058.png
  artifactKey: Guid(f64ed40c4ed61274c9c87b22226a7729) Importer(815301076,1909f56bfc062723c751e8b465ee728b)
Start importing Assets/UI/Tex_0058.png using Guid(f64ed40c4ed61274c9c87b22226a7729) Importer(815301076,1909f56bfc062723c751e8b465ee728b)  -> (artifact id: 'b1d74f9cf9ae2d59c0014ef75d9b74f4') in 0.016291 seconds 
========================================================================
Received Import Request.
  Time since last request: 0.000041 seconds.
  path: Assets/UI/Tex_0054.png
  artifactKey: Guid(ad38559edfcef4243a8b04284b813d49) Importer(815301076,1909f56bfc062723c751e8b465ee728b)
Start importing Assets/UI/Tex_0054.png using Guid(ad38559edfcef4243a8b04284b813d49) Importer(815301076,1909f56bfc062723c751e8b465ee728b)  -> (artifact id: '20bdbda13a64ddc3e0f3b9417a274dd1') in 0.013720 seconds 
========================================================================
Received Import Request.
  Time since last request: 15.872047 seconds.
  path: Assets/UI/Tex_0066.png
  artifactKey: Guid(4d4403ec8bfb7a345b900585e933188a) Importer(815301076,1909f56bfc062723c751e8b465ee728b)
Start importing Assets/UI/Tex_0066.png using Guid(4d4403ec8bfb7a345b900585e933188a) Importer(815301076,1909f56bfc062723c751e8b465ee728b)  -> (artifact id: '1f402bf66ef83a999139334fa1c9bc7c') in 0.015110 seconds 
========================================================================
Received Import Request.
  Time since last request: 0.000031 seconds.
  path: Assets/UI/Tex_0082.png
  artifactKey: Guid(18cdb26a474f96c409933a773e414f8d) Importer(815301076,1909f56bfc062723c751e8b465ee728b)
Start importing Assets/UI/Tex_0082.png using Guid(18cdb26a474f96c409933a773e414f8d) Importer(815301076,1909f56bfc062723c751e8b465ee728b)  -> (artifact id: '451c62476d2d47c6cde2f8b41688ed4c') in 0.036192 seconds 
========================================================================
Received Import Request.
  Time since last request: 0.007199 seconds.
  path: Assets/UI/Tex_0091.png
  artifactKey: Guid(d893e58de483c1e45b463c009982689f) Importer(815301076,1909f56bfc062723c751e8b465ee728b)
Start importing Assets/UI/Tex_0091.png using Guid(d893e58de483c1e45b463c009982689f) Importer(815301076,1909f56bfc062723c751e8b465ee728b)  -> (artifact id: 'b8045f4baf72191daa924ba8528d3b80') in 0.067794 seconds 
========================================================================
Received Import Request.
  Time since last request: 0.000053 seconds.
  path: Assets/UI/Tex_0092.png
  artifactKey: Guid(7d287c1872a7ed54caa26f388dbd2f26) Importer(815301076,1909f56bfc062723c751e8b465ee728b)
Start importing Assets/UI/Tex_0092.png using Guid(7d287c1872a7ed54caa26f388dbd2f26) Importer(815301076,1909f56bfc062723c751e8b465ee728b)  -> (artifact id: 'c018738e851f356cb2b18a77f5b38385') in 0.025425 seconds 
========================================================================
Received Import Request.
  Time since last request: 0.000060 seconds.
  path: Assets/UI/Tex_0095.png
  artifactKey: Guid(38a481172249b5c47b0ce8b78a1ba375) Importer(815301076,1909f56bfc062723c751e8b465ee728b)
Start importing Assets/UI/Tex_0095.png using Guid(38a481172249b5c47b0ce8b78a1ba375) Importer(815301076,1909f56bfc062723c751e8b465ee728b)  -> (artifact id: '79383f2e772648da1881ed0c84212324') in 0.026701 seconds 
========================================================================
Received Import Request.
  Time since last request: 0.000036 seconds.
  path: Assets/UI/Tex_0099.png
  artifactKey: Guid(347ae520541c7384bb3eb90279e8826a) Importer(815301076,1909f56bfc062723c751e8b465ee728b)
Start importing Assets/UI/Tex_0099.png using Guid(347ae520541c7384bb3eb90279e8826a) Importer(815301076,1909f56bfc062723c751e8b465ee728b)  -> (artifact id: 'a0053a7fa805047b7ffd3edbfc5cf7b9') in 0.095649 seconds 
========================================================================
Received Import Request.
  Time since last request: 0.000040 seconds.
  path: Assets/UI/Tex_0093.png
  artifactKey: Guid(89b64a390cb3aad46b54dcf29156b98a) Importer(815301076,1909f56bfc062723c751e8b465ee728b)
Start importing Assets/UI/Tex_0093.png using Guid(89b64a390cb3aad46b54dcf29156b98a) Importer(815301076,1909f56bfc062723c751e8b465ee728b)  -> (artifact id: '7615e1f98428f4a5b90e622c0c7dcc59') in 0.012818 seconds 
========================================================================
Received Import Request.
  Time since last request: 0.000026 seconds.
  path: Assets/UI/Tex_0094.png
  artifactKey: Guid(b1838d178b5b9fa4eb7792f88bc074be) Importer(815301076,1909f56bfc062723c751e8b465ee728b)
Start importing Assets/UI/Tex_0094.png using Guid(b1838d178b5b9fa4eb7792f88bc074be) Importer(815301076,1909f56bfc062723c751e8b465ee728b)  -> (artifact id: 'b4c9d2d87d2dec2c44895b7bb309dae5') in 0.013594 seconds 
========================================================================
Received Import Request.
  Time since last request: 0.000029 seconds.
  path: Assets/UI/Tex_0111.png
  artifactKey: Guid(46372056338aa0c49abe6567098b0259) Importer(815301076,1909f56bfc062723c751e8b465ee728b)
Start importing Assets/UI/Tex_0111.png using Guid(46372056338aa0c49abe6567098b0259) Importer(815301076,1909f56bfc062723c751e8b465ee728b)  -> (artifact id: '7832f234812a83d8055db6a02243a843') in 0.050480 seconds 
========================================================================
Received Import Request.
  Time since last request: 0.000034 seconds.
  path: Assets/UI/Tex_0130.png
  artifactKey: Guid(8a6ca2d2e6c920440ac3b54bd9a6c8a7) Importer(815301076,1909f56bfc062723c751e8b465ee728b)
Start importing Assets/UI/Tex_0130.png using Guid(8a6ca2d2e6c920440ac3b54bd9a6c8a7) Importer(815301076,1909f56bfc062723c751e8b465ee728b)  -> (artifact id: 'c7ef7627bbca2a7e574685f8790051da') in 0.015045 seconds 
========================================================================
Received Import Request.
  Time since last request: 0.000039 seconds.
  path: Assets/UI/Tex_0120.png
  artifactKey: Guid(b4477a3a47786ed45ad68833b7a46e1a) Importer(815301076,1909f56bfc062723c751e8b465ee728b)
Start importing Assets/UI/Tex_0120.png using Guid(b4477a3a47786ed45ad68833b7a46e1a) Importer(815301076,1909f56bfc062723c751e8b465ee728b)  -> (artifact id: 'e67a021709cb7c0edf19af18b8f09ecc') in 0.015371 seconds 
========================================================================
Received Import Request.
  Time since last request: 0.000038 seconds.
  path: Assets/UI/Tex_0116.png
  artifactKey: Guid(15215ea9642ad104b9a4ca3fbe17f9ec) Importer(815301076,1909f56bfc062723c751e8b465ee728b)
Start importing Assets/UI/Tex_0116.png using Guid(15215ea9642ad104b9a4ca3fbe17f9ec) Importer(815301076,1909f56bfc062723c751e8b465ee728b)  -> (artifact id: 'a0eb3f2038d8b41a7229d2e930c00eb7') in 0.032872 seconds 
========================================================================
Received Import Request.
  Time since last request: 0.000040 seconds.
  path: Assets/UI/Tex_0117.png
  artifactKey: Guid(e7cfabb851d59f449928a56d2d54ee5c) Importer(815301076,1909f56bfc062723c751e8b465ee728b)
Start importing Assets/UI/Tex_0117.png using Guid(e7cfabb851d59f449928a56d2d54ee5c) Importer(815301076,1909f56bfc062723c751e8b465ee728b)  -> (artifact id: '7b92ff990ad6b99285382ebaafb9e8f3') in 0.014413 seconds 
========================================================================
Received Import Request.
  Time since last request: 0.000041 seconds.
  path: Assets/UI/Tex_0118.png
  artifactKey: Guid(6000b96ba07ca344d98f2c750e44e9bb) Importer(815301076,1909f56bfc062723c751e8b465ee728b)
Start importing Assets/UI/Tex_0118.png using Guid(6000b96ba07ca344d98f2c750e44e9bb) Importer(815301076,1909f56bfc062723c751e8b465ee728b)  -> (artifact id: 'a8d8b4f29c513af111b971bf0be22fa9') in 0.014974 seconds 
========================================================================
Received Import Request.
  Time since last request: 0.000026 seconds.
  path: Assets/UI/Tex_0115.png
  artifactKey: Guid(f6139f5bf4df241489cf439fb25dbe61) Importer(815301076,1909f56bfc062723c751e8b465ee728b)
Start importing Assets/UI/Tex_0115.png using Guid(f6139f5bf4df241489cf439fb25dbe61) Importer(815301076,1909f56bfc062723c751e8b465ee728b)  -> (artifact id: '248ecf545fc04df67c48e8823beb9dda') in 0.015348 seconds 
========================================================================
Received Import Request.
  Time since last request: 0.000035 seconds.
  path: Assets/UI/Tex_0122.png
  artifactKey: Guid(3a45b2d27dda8bf409bac06fa08a32b4) Importer(815301076,1909f56bfc062723c751e8b465ee728b)
Start importing Assets/UI/Tex_0122.png using Guid(3a45b2d27dda8bf409bac06fa08a32b4) Importer(815301076,1909f56bfc062723c751e8b465ee728b)  -> (artifact id: '05b70e230df9f6557e3e512ac3a8b630') in 0.017788 seconds 
========================================================================
Received Import Request.
  Time since last request: 0.000033 seconds.
  path: Assets/UI/Tex_0114.png
  artifactKey: Guid(06d5ba6bc8201d141b087338af331462) Importer(815301076,1909f56bfc062723c751e8b465ee728b)
Start importing Assets/UI/Tex_0114.png using Guid(06d5ba6bc8201d141b087338af331462) Importer(815301076,1909f56bfc062723c751e8b465ee728b)  -> (artifact id: '0cf2cafc6ccdc0968347ca8c2151dcfb') in 0.014312 seconds 
Editor requested this worker to shutdown with reason: Scaling down because of idle timeout
AssetImportWorker is now disconnected from the server
Process exiting
Exiting without the bug reporter. Application will terminate with return code 0