Using pre-set license
Built from '2021.3/china_unity/release' branch; Version is '2021.3.1f1c1 (0cb3bd085a01) revision 832445'; Using compiler version '192829333'; Build Type 'Release'
OS: 'Windows 10  (10.0.19044) 64bit CoreCountrySpecific' Language: 'zh' Physical Memory: 16122 MB
BatchMode: 1, IsHumanControllingUs: 0, StartBugReporterOnCrash: 0, Is64bit: 1, IsPro: 1

COMMAND LINE ARGUMENTS:
C:\Program Files\Unity\Hub\Editor\2021.3.1f1c1\Editor\Unity.exe
-adb2
-batchMode
-noUpm
-name
AssetImportWorker5
-projectPath
C:/Users/ASUS/Desktop/Aphaca/RUN
-logFile
Logs/AssetImportWorker5.log
-srvPort
52229
Successfully changed project path to: C:/Users/ASUS/Desktop/Aphaca/RUN
C:/Users/ASUS/Desktop/Aphaca/RUN
[UnityMemory] Configuration Parameters - Can be set up in boot.config
    "memorysetup-bucket-allocator-granularity=16"
    "memorysetup-bucket-allocator-bucket-count=8"
    "memorysetup-bucket-allocator-block-size=33554432"
    "memorysetup-bucket-allocator-block-count=8"
    "memorysetup-main-allocator-block-size=16777216"
    "memorysetup-thread-allocator-block-size=16777216"
    "memorysetup-gfx-main-allocator-block-size=16777216"
    "memorysetup-gfx-thread-allocator-block-size=16777216"
    "memorysetup-cache-allocator-block-size=4194304"
    "memorysetup-typetree-allocator-block-size=2097152"
    "memorysetup-profiler-bucket-allocator-granularity=16"
    "memorysetup-profiler-bucket-allocator-bucket-count=8"
    "memorysetup-profiler-bucket-allocator-block-size=33554432"
    "memorysetup-profiler-bucket-allocator-block-count=8"
    "memorysetup-profiler-allocator-block-size=16777216"
    "memorysetup-profiler-editor-allocator-block-size=1048576"
    "memorysetup-temp-allocator-size-main=16777216"
    "memorysetup-job-temp-allocator-block-size=2097152"
    "memorysetup-job-temp-allocator-block-size-background=1048576"
    "memorysetup-job-temp-allocator-reduction-small-platforms=262144"
    "memorysetup-temp-allocator-size-background-worker=32768"
    "memorysetup-temp-allocator-size-job-worker=262144"
    "memorysetup-temp-allocator-size-preload-manager=33554432"
    "memorysetup-temp-allocator-size-nav-mesh-worker=65536"
    "memorysetup-temp-allocator-size-audio-worker=65536"
    "memorysetup-temp-allocator-size-cloud-worker=32768"
    "memorysetup-temp-allocator-size-gi-baking-worker=262144"
    "memorysetup-temp-allocator-size-gfx=262144"
AS: AutoStreaming module initializing.
Refreshing native plugins compatible for Editor in 73.28 ms, found 3 plugins.
Preloading 0 native plugins for Editor in 0.00 ms.
Initialize engine version: 2021.3.1f1c1 (0cb3bd085a01)
[Subsystems] Discovering subsystems at path C:/Program Files/Unity/Hub/Editor/2021.3.1f1c1/Editor/Data/Resources/UnitySubsystems
[Subsystems] Discovering subsystems at path C:/Users/ASUS/Desktop/Aphaca/RUN/Assets
GfxDevice: creating device client; threaded=0; jobified=0
Direct3D:
    Version:  Direct3D 11.0 [level 11.1]
    Renderer: NVIDIA GeForce RTX 3060 Laptop GPU (ID=0x2520)
    Vendor:   NVIDIA
    VRAM:     6023 MB
    Driver:   30.0.15.1179
Initialize mono
Mono path[0] = 'C:/Program Files/Unity/Hub/Editor/2021.3.1f1c1/Editor/Data/Managed'
Mono path[1] = 'C:/Program Files/Unity/Hub/Editor/2021.3.1f1c1/Editor/Data/MonoBleedingEdge/lib/mono/unityjit-win32'
Mono config path = 'C:/Program Files/Unity/Hub/Editor/2021.3.1f1c1/Editor/Data/MonoBleedingEdge/etc'
Using monoOptions --debugger-agent=transport=dt_socket,embedding=1,server=y,suspend=n,address=127.0.0.1:56620
Begin MonoManager ReloadAssembly
Registering precompiled unity dll's ...
Register platform support module: C:/Program Files/Unity/Hub/Editor/2021.3.1f1c1/Editor/Data/PlaybackEngines/AndroidPlayer/UnityEditor.Android.Extensions.dll
Register platform support module: C:/Program Files/Unity/Hub/Editor/2021.3.1f1c1/Editor/Data/PlaybackEngines/WindowsStandaloneSupport/UnityEditor.WindowsStandalone.Extensions.dll
Registered in 0.010949 seconds.
Native extension for WindowsStandalone target not found
Native extension for Android target not found
Refreshing native plugins compatible for Editor in 74.32 ms, found 3 plugins.
Preloading 0 native plugins for Editor in 0.00 ms.
Mono: successfully reloaded assembly
- Completed reload, in  0.633 seconds
Domain Reload Profiling:
	ReloadAssembly (633ms)
		BeginReloadAssembly (100ms)
			ExecutionOrderSort (0ms)
			DisableScriptedObjects (0ms)
			BackupInstance (0ms)
			ReleaseScriptingObjects (0ms)
			CreateAndSetChildDomain (1ms)
		EndReloadAssembly (430ms)
			LoadAssemblies (93ms)
			RebuildTransferFunctionScriptingTraits (0ms)
			SetupTypeCache (93ms)
			ReleaseScriptCaches (0ms)
			RebuildScriptCaches (21ms)
			SetupLoadedEditorAssemblies (270ms)
				LogAssemblyErrors (0ms)
				InitializePlatformSupportModulesInManaged (55ms)
				SetLoadedEditorAssemblies (0ms)
				RefreshPlugins (74ms)
				BeforeProcessingInitializeOnLoad (1ms)
				ProcessInitializeOnLoadAttributes (98ms)
				ProcessInitializeOnLoadMethodAttributes (41ms)
				AfterProcessingInitializeOnLoad (0ms)
				EditorAssembliesLoaded (0ms)
			ExecutionOrderSort2 (0ms)
			AwakeInstancesAfterBackupRestoration (0ms)
Platform modules already initialized, skipping
Registering precompiled user dll's ...
Registered in 0.009255 seconds.
Begin MonoManager ReloadAssembly
Symbol file LoadedFromMemory doesn't match image C:\Users\ASUS\Desktop\Aphaca\RUN\Library\PackageCache\com.unity.visualscripting@1.7.6\Editor\VisualScripting.Core\Dependencies\YamlDotNet\Unity.VisualScripting.YamlDotNet.dll
Symbol file LoadedFromMemory is not a mono symbol file
Symbol file LoadedFromMemory doesn't match image C:\Users\ASUS\Desktop\Aphaca\RUN\Library\PackageCache\com.unity.visualscripting@1.7.6\Editor\VisualScripting.Core\Dependencies\DotNetZip\Unity.VisualScripting.IonicZip.dll
Native extension for WindowsStandalone target not found
Native extension for Android target not found
Refreshing native plugins compatible for Editor in 0.55 ms, found 3 plugins.
Preloading 0 native plugins for Editor in 0.00 ms.
Mono: successfully reloaded assembly
- Completed reload, in  1.012 seconds
Domain Reload Profiling:
	ReloadAssembly (1013ms)
		BeginReloadAssembly (211ms)
			ExecutionOrderSort (0ms)
			DisableScriptedObjects (4ms)
			BackupInstance (0ms)
			ReleaseScriptingObjects (0ms)
			CreateAndSetChildDomain (127ms)
		EndReloadAssembly (693ms)
			LoadAssemblies (121ms)
			RebuildTransferFunctionScriptingTraits (0ms)
			SetupTypeCache (209ms)
			ReleaseScriptCaches (1ms)
			RebuildScriptCaches (40ms)
			SetupLoadedEditorAssemblies (293ms)
				LogAssemblyErrors (0ms)
				InitializePlatformSupportModulesInManaged (13ms)
				SetLoadedEditorAssemblies (0ms)
				RefreshPlugins (1ms)
				BeforeProcessingInitializeOnLoad (77ms)
				ProcessInitializeOnLoadAttributes (166ms)
				ProcessInitializeOnLoadMethodAttributes (21ms)
				AfterProcessingInitializeOnLoad (15ms)
				EditorAssembliesLoaded (0ms)
			ExecutionOrderSort2 (0ms)
			AwakeInstancesAfterBackupRestoration (6ms)
Platform modules already initialized, skipping
========================================================================
Worker process is ready to serve import requests
Launched and connected shader compiler UnityShaderCompiler.exe after 0.06 seconds
Refreshing native plugins compatible for Editor in 0.50 ms, found 3 plugins.
Preloading 0 native plugins for Editor in 0.00 ms.
Unloading 3226 Unused Serialized files (Serialized files now loaded: 0)
Unloading 23 unused Assets / (112.4 KB). Loaded Objects now: 3699.
Memory consumption went from 114.0 MB to 113.9 MB.
Total: 2.675800 ms (FindLiveObjects: 0.243200 ms CreateObjectMapping: 0.098400 ms MarkObjects: 2.214900 ms  DeleteObjects: 0.118600 ms)

AssetImportParameters requested are different than current active one (requested -> active):
  custom:video-decoder-ogg-theora: a1e56fd34408186e4bbccfd4996cb3dc -> 
  custom:container-muxer-webm: aa71ff27fc2769a1b78a27578f13a17b -> 
  custom:container-demuxer-webm: 4f35f7cbe854078d1ac9338744f61a02 -> 
  custom:video-encoder-webm-vp8: eb34c28f22e8b96e1ab97ce403110664 -> 
  custom:video-codec-MediaFoundation-h265: 746d11721c4dcdbdad8f713fa42b33f4 -> 
  custom:audio-encoder-webm-vorbis: bf7c407c2cedff20999df2af8eb42d56 -> 
  custom:framework-win-MediaFoundation: 216162199b28c13a410421893ffa2e32 -> 
  custom:container-demuxer-ogg: 62fdf1f143b41e24485cea50d1cbac27 -> 
  custom:video-decoder-webm-vp8: 9c59270c3fd7afecdb556c50c9e8de78 -> 
  custom:audio-decoder-ogg-vorbis: bf7c407c2cedff20999df2af8eb42d56 -> 
========================================================================
Received Import Request.
  Time since last request: 474221.610514 seconds.
  path: Assets/UI/路.png
  artifactKey: Guid(c9b472bf8e5877b45ae6939a119e37f3) Importer(815301076,1909f56bfc062723c751e8b465ee728b)
Start importing Assets/UI/路.png using Guid(c9b472bf8e5877b45ae6939a119e37f3) Importer(815301076,1909f56bfc062723c751e8b465ee728b)  -> (artifact id: '2274850f7edbdc3db1da77b67488221a') in 0.136814 seconds 
========================================================================
Received Import Request.
  Time since last request: 18.525387 seconds.
  path: Assets/UI/返回.png
  artifactKey: Guid(502816e94d9aed64fb7aa9cc8b0bdfb7) Importer(815301076,1909f56bfc062723c751e8b465ee728b)
Start importing Assets/UI/返回.png using Guid(502816e94d9aed64fb7aa9cc8b0bdfb7) Importer(815301076,1909f56bfc062723c751e8b465ee728b)  -> (artifact id: 'bc65112f67e777d3a2042cf8bd4f5aa0') in 0.070002 seconds 
========================================================================
Received Import Request.
  Time since last request: 13.034029 seconds.
  path: Assets/UI/Tex_0024.png
  artifactKey: Guid(87346213eb2277e4fb82b50ccb79dc8a) Importer(815301076,1909f56bfc062723c751e8b465ee728b)
Start importing Assets/UI/Tex_0024.png using Guid(87346213eb2277e4fb82b50ccb79dc8a) Importer(815301076,1909f56bfc062723c751e8b465ee728b)  -> (artifact id: '5840a2855b5c4718a9382441580ffc87') in 0.078358 seconds 
========================================================================
Received Import Request.
  Time since last request: 0.000025 seconds.
  path: Assets/UI/Tex_0379.png
  artifactKey: Guid(c9deecb7b53459246b70d84f5c6949d6) Importer(815301076,1909f56bfc062723c751e8b465ee728b)
Start importing Assets/UI/Tex_0379.png using Guid(c9deecb7b53459246b70d84f5c6949d6) Importer(815301076,1909f56bfc062723c751e8b465ee728b)  -> (artifact id: '8a49b7c4496fd06bea1dcf5721b1add7') in 0.014669 seconds 
========================================================================
Received Import Request.
  Time since last request: 0.000022 seconds.
  path: Assets/UI/Tex_0374.png
  artifactKey: Guid(f97367889b6370442808f700dcbc5e01) Importer(815301076,1909f56bfc062723c751e8b465ee728b)
Start importing Assets/UI/Tex_0374.png using Guid(f97367889b6370442808f700dcbc5e01) Importer(815301076,1909f56bfc062723c751e8b465ee728b)  -> (artifact id: 'b6efebc12cdd6a00d773c4f1c438976c') in 0.012323 seconds 
========================================================================
Received Import Request.
  Time since last request: 0.000031 seconds.
  path: Assets/UI/Tex_0358.png
  artifactKey: Guid(f8978e3567402dd4a8c83cafcab78ee5) Importer(815301076,1909f56bfc062723c751e8b465ee728b)
Start importing Assets/UI/Tex_0358.png using Guid(f8978e3567402dd4a8c83cafcab78ee5) Importer(815301076,1909f56bfc062723c751e8b465ee728b)  -> (artifact id: '5032335ef0a7d30bd60ec1c8fce64138') in 0.016876 seconds 
========================================================================
Received Import Request.
  Time since last request: 0.000028 seconds.
  path: Assets/UI/Tex_0040.png
  artifactKey: Guid(4c31da49613aee04aa0ebbc3cc28822c) Importer(815301076,1909f56bfc062723c751e8b465ee728b)
Start importing Assets/UI/Tex_0040.png using Guid(4c31da49613aee04aa0ebbc3cc28822c) Importer(815301076,1909f56bfc062723c751e8b465ee728b)  -> (artifact id: '995b25183b0121e07b758c5018f84585') in 0.051839 seconds 
========================================================================
Received Import Request.
  Time since last request: 0.000039 seconds.
  path: Assets/UI/Tex_0355.png
  artifactKey: Guid(5f849f4fcb51b8d43a71e2041e4c4a99) Importer(815301076,1909f56bfc062723c751e8b465ee728b)
Start importing Assets/UI/Tex_0355.png using Guid(5f849f4fcb51b8d43a71e2041e4c4a99) Importer(815301076,1909f56bfc062723c751e8b465ee728b)  -> (artifact id: '173abba58b3fe233dce2edb7ca982d2e') in 0.017455 seconds 
========================================================================
Received Import Request.
  Time since last request: 0.000028 seconds.
  path: Assets/UI/Tex_0359.png
  artifactKey: Guid(82d97d7d5347da541be18b50f2545b8f) Importer(815301076,1909f56bfc062723c751e8b465ee728b)
Start importing Assets/UI/Tex_0359.png using Guid(82d97d7d5347da541be18b50f2545b8f) Importer(815301076,1909f56bfc062723c751e8b465ee728b)  -> (artifact id: '5dd09a499ac322b31c2810072534869e') in 0.018758 seconds 
========================================================================
Received Import Request.
  Time since last request: 0.000026 seconds.
  path: Assets/UI/Tex_0117.png
  artifactKey: Guid(e7cfabb851d59f449928a56d2d54ee5c) Importer(815301076,1909f56bfc062723c751e8b465ee728b)
Start importing Assets/UI/Tex_0117.png using Guid(e7cfabb851d59f449928a56d2d54ee5c) Importer(815301076,1909f56bfc062723c751e8b465ee728b)  -> (artifact id: 'aa860cb62d6d45681f054bb605926e63') in 0.019108 seconds 
========================================================================
Received Import Request.
  Time since last request: 0.000065 seconds.
  path: Assets/UI/Tex_0411.png
  artifactKey: Guid(ba50eb8c78be1bb47a6920e26498ba3c) Importer(815301076,1909f56bfc062723c751e8b465ee728b)
Start importing Assets/UI/Tex_0411.png using Guid(ba50eb8c78be1bb47a6920e26498ba3c) Importer(815301076,1909f56bfc062723c751e8b465ee728b)  -> (artifact id: '84b9c015cbde873ea1b05d20ff458b99') in 0.168277 seconds 
========================================================================
Received Import Request.
  Time since last request: 0.000035 seconds.
  path: Assets/UI/Tex_0357.png
  artifactKey: Guid(6b855e6384f81d84eb1f145fc514f921) Importer(815301076,1909f56bfc062723c751e8b465ee728b)
Start importing Assets/UI/Tex_0357.png using Guid(6b855e6384f81d84eb1f145fc514f921) Importer(815301076,1909f56bfc062723c751e8b465ee728b)  -> (artifact id: '8f77317a2d9b2e53f4dce6a7f0563e67') in 0.017330 seconds 
========================================================================
Received Import Request.
  Time since last request: 29.076284 seconds.
  path: Assets/UI/商店.png
  artifactKey: Guid(3185cafb691576f419df0237f9ea72e0) Importer(815301076,1909f56bfc062723c751e8b465ee728b)
Start importing Assets/UI/商店.png using Guid(3185cafb691576f419df0237f9ea72e0) Importer(815301076,1909f56bfc062723c751e8b465ee728b)  -> (artifact id: '3ebf8907d49010a0a49037dc9bab1b59') in 0.245291 seconds 
========================================================================
Received Import Request.
  Time since last request: 52.961541 seconds.
  path: Assets/UI/暂停.png
  artifactKey: Guid(829c7de4cf56d0f4a8caab8f3fd0e793) Importer(815301076,1909f56bfc062723c751e8b465ee728b)
Start importing Assets/UI/暂停.png using Guid(829c7de4cf56d0f4a8caab8f3fd0e793) Importer(815301076,1909f56bfc062723c751e8b465ee728b)  -> (artifact id: 'f6cdaa3e92ceecfc1fb49ea4a53a8296') in 0.267531 seconds 
========================================================================
Received Import Request.
  Time since last request: 0.000025 seconds.
  path: Assets/UI/路1.png
  artifactKey: Guid(5c6780ca42d2523458c23ca2ec4e613c) Importer(815301076,1909f56bfc062723c751e8b465ee728b)
Start importing Assets/UI/路1.png using Guid(5c6780ca42d2523458c23ca2ec4e613c) Importer(815301076,1909f56bfc062723c751e8b465ee728b)  -> (artifact id: '4992e11145426f6e7f0bad50bf136c47') in 0.188624 seconds 
========================================================================
Received Import Request.
  Time since last request: 0.086632 seconds.
  path: Assets/UI/退出.png
  artifactKey: Guid(54311620872816741b3ca2a8bb8738fe) Importer(815301076,1909f56bfc062723c751e8b465ee728b)
Start importing Assets/UI/退出.png using Guid(54311620872816741b3ca2a8bb8738fe) Importer(815301076,1909f56bfc062723c751e8b465ee728b)  -> (artifact id: '2e3db22cf969de43f93e6d830f8d8c85') in 0.193420 seconds 
Editor requested this worker to shutdown with reason: Scaling down because of idle timeout
AssetImportWorker is now disconnected from the server
Process exiting
Exiting without the bug reporter. Application will terminate with return code 0