Using pre-set license
Built from '2021.3/china_unity/release' branch; Version is '2021.3.1f1c1 (0cb3bd085a01) revision 832445'; Using compiler version '192829333'; Build Type 'Release'
OS: 'Windows 10  (10.0.19044) 64bit CoreCountrySpecific' Language: 'zh' Physical Memory: 16122 MB
BatchMode: 1, IsHumanControllingUs: 0, StartBugReporterOnCrash: 0, Is64bit: 1, IsPro: 1

COMMAND LINE ARGUMENTS:
C:\Program Files\Unity\Hub\Editor\2021.3.1f1c1\Editor\Unity.exe
-adb2
-batchMode
-noUpm
-name
AssetImportWorker3
-projectPath
C:/Users/ASUS/Desktop/Aphaca/RUN
-logFile
Logs/AssetImportWorker3.log
-srvPort
52229
Successfully changed project path to: C:/Users/ASUS/Desktop/Aphaca/RUN
C:/Users/ASUS/Desktop/Aphaca/RUN
[UnityMemory] Configuration Parameters - Can be set up in boot.config
    "memorysetup-bucket-allocator-granularity=16"
    "memorysetup-bucket-allocator-bucket-count=8"
    "memorysetup-bucket-allocator-block-size=33554432"
    "memorysetup-bucket-allocator-block-count=8"
    "memorysetup-main-allocator-block-size=16777216"
    "memorysetup-thread-allocator-block-size=16777216"
    "memorysetup-gfx-main-allocator-block-size=16777216"
    "memorysetup-gfx-thread-allocator-block-size=16777216"
    "memorysetup-cache-allocator-block-size=4194304"
    "memorysetup-typetree-allocator-block-size=2097152"
    "memorysetup-profiler-bucket-allocator-granularity=16"
    "memorysetup-profiler-bucket-allocator-bucket-count=8"
    "memorysetup-profiler-bucket-allocator-block-size=33554432"
    "memorysetup-profiler-bucket-allocator-block-count=8"
    "memorysetup-profiler-allocator-block-size=16777216"
    "memorysetup-profiler-editor-allocator-block-size=1048576"
    "memorysetup-temp-allocator-size-main=16777216"
    "memorysetup-job-temp-allocator-block-size=2097152"
    "memorysetup-job-temp-allocator-block-size-background=1048576"
    "memorysetup-job-temp-allocator-reduction-small-platforms=262144"
    "memorysetup-temp-allocator-size-background-worker=32768"
    "memorysetup-temp-allocator-size-job-worker=262144"
    "memorysetup-temp-allocator-size-preload-manager=33554432"
    "memorysetup-temp-allocator-size-nav-mesh-worker=65536"
    "memorysetup-temp-allocator-size-audio-worker=65536"
    "memorysetup-temp-allocator-size-cloud-worker=32768"
    "memorysetup-temp-allocator-size-gi-baking-worker=262144"
    "memorysetup-temp-allocator-size-gfx=262144"
AS: AutoStreaming module initializing.
Refreshing native plugins compatible for Editor in 75.44 ms, found 3 plugins.
Preloading 0 native plugins for Editor in 0.00 ms.
Initialize engine version: 2021.3.1f1c1 (0cb3bd085a01)
[Subsystems] Discovering subsystems at path C:/Program Files/Unity/Hub/Editor/2021.3.1f1c1/Editor/Data/Resources/UnitySubsystems
[Subsystems] Discovering subsystems at path C:/Users/ASUS/Desktop/Aphaca/RUN/Assets
GfxDevice: creating device client; threaded=0; jobified=0
Direct3D:
    Version:  Direct3D 11.0 [level 11.1]
    Renderer: NVIDIA GeForce RTX 3060 Laptop GPU (ID=0x2520)
    Vendor:   NVIDIA
    VRAM:     6023 MB
    Driver:   30.0.15.1179
Initialize mono
Mono path[0] = 'C:/Program Files/Unity/Hub/Editor/2021.3.1f1c1/Editor/Data/Managed'
Mono path[1] = 'C:/Program Files/Unity/Hub/Editor/2021.3.1f1c1/Editor/Data/MonoBleedingEdge/lib/mono/unityjit-win32'
Mono config path = 'C:/Program Files/Unity/Hub/Editor/2021.3.1f1c1/Editor/Data/MonoBleedingEdge/etc'
Using monoOptions --debugger-agent=transport=dt_socket,embedding=1,server=y,suspend=n,address=127.0.0.1:56540
Begin MonoManager ReloadAssembly
Registering precompiled unity dll's ...
Register platform support module: C:/Program Files/Unity/Hub/Editor/2021.3.1f1c1/Editor/Data/PlaybackEngines/AndroidPlayer/UnityEditor.Android.Extensions.dll
Register platform support module: C:/Program Files/Unity/Hub/Editor/2021.3.1f1c1/Editor/Data/PlaybackEngines/WindowsStandaloneSupport/UnityEditor.WindowsStandalone.Extensions.dll
Registered in 0.008552 seconds.
Native extension for WindowsStandalone target not found
Native extension for Android target not found
Refreshing native plugins compatible for Editor in 67.08 ms, found 3 plugins.
Preloading 0 native plugins for Editor in 0.00 ms.
Mono: successfully reloaded assembly
- Completed reload, in  0.570 seconds
Domain Reload Profiling:
	ReloadAssembly (571ms)
		BeginReloadAssembly (70ms)
			ExecutionOrderSort (0ms)
			DisableScriptedObjects (0ms)
			BackupInstance (0ms)
			ReleaseScriptingObjects (0ms)
			CreateAndSetChildDomain (1ms)
		EndReloadAssembly (391ms)
			LoadAssemblies (66ms)
			RebuildTransferFunctionScriptingTraits (0ms)
			SetupTypeCache (93ms)
			ReleaseScriptCaches (0ms)
			RebuildScriptCaches (21ms)
			SetupLoadedEditorAssemblies (230ms)
				LogAssemblyErrors (0ms)
				InitializePlatformSupportModulesInManaged (47ms)
				SetLoadedEditorAssemblies (0ms)
				RefreshPlugins (67ms)
				BeforeProcessingInitializeOnLoad (1ms)
				ProcessInitializeOnLoadAttributes (76ms)
				ProcessInitializeOnLoadMethodAttributes (39ms)
				AfterProcessingInitializeOnLoad (0ms)
				EditorAssembliesLoaded (0ms)
			ExecutionOrderSort2 (0ms)
			AwakeInstancesAfterBackupRestoration (0ms)
Platform modules already initialized, skipping
Registering precompiled user dll's ...
Registered in 0.009721 seconds.
Begin MonoManager ReloadAssembly
Symbol file LoadedFromMemory doesn't match image C:\Users\ASUS\Desktop\Aphaca\RUN\Library\PackageCache\com.unity.visualscripting@1.7.6\Editor\VisualScripting.Core\Dependencies\YamlDotNet\Unity.VisualScripting.YamlDotNet.dll
Symbol file LoadedFromMemory is not a mono symbol file
Symbol file LoadedFromMemory doesn't match image C:\Users\ASUS\Desktop\Aphaca\RUN\Library\PackageCache\com.unity.visualscripting@1.7.6\Editor\VisualScripting.Core\Dependencies\DotNetZip\Unity.VisualScripting.IonicZip.dll
Native extension for WindowsStandalone target not found
Native extension for Android target not found
Refreshing native plugins compatible for Editor in 0.52 ms, found 3 plugins.
Preloading 0 native plugins for Editor in 0.00 ms.
Mono: successfully reloaded assembly
- Completed reload, in  1.029 seconds
Domain Reload Profiling:
	ReloadAssembly (1030ms)
		BeginReloadAssembly (216ms)
			ExecutionOrderSort (0ms)
			DisableScriptedObjects (5ms)
			BackupInstance (0ms)
			ReleaseScriptingObjects (0ms)
			CreateAndSetChildDomain (122ms)
		EndReloadAssembly (696ms)
			LoadAssemblies (99ms)
			RebuildTransferFunctionScriptingTraits (0ms)
			SetupTypeCache (206ms)
			ReleaseScriptCaches (1ms)
			RebuildScriptCaches (40ms)
			SetupLoadedEditorAssemblies (320ms)
				LogAssemblyErrors (0ms)
				InitializePlatformSupportModulesInManaged (13ms)
				SetLoadedEditorAssemblies (0ms)
				RefreshPlugins (1ms)
				BeforeProcessingInitializeOnLoad (96ms)
				ProcessInitializeOnLoadAttributes (177ms)
				ProcessInitializeOnLoadMethodAttributes (21ms)
				AfterProcessingInitializeOnLoad (13ms)
				EditorAssembliesLoaded (0ms)
			ExecutionOrderSort2 (0ms)
			AwakeInstancesAfterBackupRestoration (5ms)
Platform modules already initialized, skipping
========================================================================
Worker process is ready to serve import requests
Launched and connected shader compiler UnityShaderCompiler.exe after 0.05 seconds
Refreshing native plugins compatible for Editor in 0.51 ms, found 3 plugins.
Preloading 0 native plugins for Editor in 0.00 ms.
Unloading 3226 Unused Serialized files (Serialized files now loaded: 0)
Unloading 23 unused Assets / (112.4 KB). Loaded Objects now: 3699.
Memory consumption went from 114.0 MB to 113.9 MB.
Total: 3.264600 ms (FindLiveObjects: 0.221000 ms CreateObjectMapping: 0.098800 ms MarkObjects: 2.859900 ms  DeleteObjects: 0.083900 ms)

AssetImportParameters requested are different than current active one (requested -> active):
  custom:video-decoder-ogg-theora: a1e56fd34408186e4bbccfd4996cb3dc -> 
  custom:container-muxer-webm: aa71ff27fc2769a1b78a27578f13a17b -> 
  custom:container-demuxer-webm: 4f35f7cbe854078d1ac9338744f61a02 -> 
  custom:video-encoder-webm-vp8: eb34c28f22e8b96e1ab97ce403110664 -> 
  custom:video-codec-MediaFoundation-h265: 746d11721c4dcdbdad8f713fa42b33f4 -> 
  custom:audio-encoder-webm-vorbis: bf7c407c2cedff20999df2af8eb42d56 -> 
  custom:framework-win-MediaFoundation: 216162199b28c13a410421893ffa2e32 -> 
  custom:container-demuxer-ogg: 62fdf1f143b41e24485cea50d1cbac27 -> 
  custom:video-decoder-webm-vp8: 9c59270c3fd7afecdb556c50c9e8de78 -> 
  custom:audio-decoder-ogg-vorbis: bf7c407c2cedff20999df2af8eb42d56 -> 
========================================================================
Received Import Request.
  Time since last request: 467357.861983 seconds.
  path: Assets/UI/Tex_0068.png
  artifactKey: Guid(2be24e9e2b79b2048a92901c46a6f937) Importer(815301076,1909f56bfc062723c751e8b465ee728b)
Start importing Assets/UI/Tex_0068.png using Guid(2be24e9e2b79b2048a92901c46a6f937) Importer(815301076,1909f56bfc062723c751e8b465ee728b)  -> (artifact id: '196b62eaf3b234923865539d1b5ba8b6') in 0.075526 seconds 
========================================================================
Received Import Request.
  Time since last request: 0.000048 seconds.
  path: Assets/UI/Tex_0102.png
  artifactKey: Guid(e8ad1390686f628428ab801f6e263c49) Importer(815301076,1909f56bfc062723c751e8b465ee728b)
Start importing Assets/UI/Tex_0102.png using Guid(e8ad1390686f628428ab801f6e263c49) Importer(815301076,1909f56bfc062723c751e8b465ee728b)  -> (artifact id: 'c2cf5fee79053a8766694c01076d2210') in 0.175677 seconds 
========================================================================
Received Import Request.
  Time since last request: 0.000055 seconds.
  path: Assets/UI/Tex_0104.png
  artifactKey: Guid(8f5f597755c046f4bbc109cd8a82acc6) Importer(815301076,1909f56bfc062723c751e8b465ee728b)
Start importing Assets/UI/Tex_0104.png using Guid(8f5f597755c046f4bbc109cd8a82acc6) Importer(815301076,1909f56bfc062723c751e8b465ee728b)  -> (artifact id: 'f0d7bfb41dc734aabeae6a7601515231') in 0.136979 seconds 
========================================================================
Received Import Request.
  Time since last request: 0.000030 seconds.
  path: Assets/UI/Tex_0121.png
  artifactKey: Guid(2ec25a99631826f4f94d05096ff412e2) Importer(815301076,1909f56bfc062723c751e8b465ee728b)
Start importing Assets/UI/Tex_0121.png using Guid(2ec25a99631826f4f94d05096ff412e2) Importer(815301076,1909f56bfc062723c751e8b465ee728b)  -> (artifact id: 'cff98f1001ba9337336f08dbf68b1180') in 0.012410 seconds 
========================================================================
Received Import Request.
  Time since last request: 0.000022 seconds.
  path: Assets/UI/Tex_0125.png
  artifactKey: Guid(bf1c05583ac1c014fb33a4e461675ef5) Importer(815301076,1909f56bfc062723c751e8b465ee728b)
Start importing Assets/UI/Tex_0125.png using Guid(bf1c05583ac1c014fb33a4e461675ef5) Importer(815301076,1909f56bfc062723c751e8b465ee728b)  -> (artifact id: 'dca2032b3fd9285dbbe285874189228b') in 0.014321 seconds 
========================================================================
Received Import Request.
  Time since last request: 0.000026 seconds.
  path: Assets/UI/Tex_0109.png
  artifactKey: Guid(171df4607fee81b4aa871ce79058d7aa) Importer(815301076,1909f56bfc062723c751e8b465ee728b)
Start importing Assets/UI/Tex_0109.png using Guid(171df4607fee81b4aa871ce79058d7aa) Importer(815301076,1909f56bfc062723c751e8b465ee728b)  -> (artifact id: 'e2a69ea811f3a3d77d74682270d08304') in 0.072143 seconds 
========================================================================
Received Import Request.
  Time since last request: 0.000023 seconds.
  path: Assets/UI/Tex_0126.png
  artifactKey: Guid(f834066df4e241047a11ac76b133c111) Importer(815301076,1909f56bfc062723c751e8b465ee728b)
Start importing Assets/UI/Tex_0126.png using Guid(f834066df4e241047a11ac76b133c111) Importer(815301076,1909f56bfc062723c751e8b465ee728b)  -> (artifact id: '75400b8624308fd9bc08f66884d678e3') in 0.018459 seconds 
========================================================================
Received Import Request.
  Time since last request: 0.000031 seconds.
  path: Assets/UI/Tex_0131.png
  artifactKey: Guid(868961283c2332e4996813d2286846f9) Importer(815301076,1909f56bfc062723c751e8b465ee728b)
Start importing Assets/UI/Tex_0131.png using Guid(868961283c2332e4996813d2286846f9) Importer(815301076,1909f56bfc062723c751e8b465ee728b)  -> (artifact id: '739bcefda2f4bc089a814956303531af') in 0.017215 seconds 
========================================================================
Received Import Request.
  Time since last request: 0.000048 seconds.
  path: Assets/UI/Tex_0128.png
  artifactKey: Guid(93228db13ef2e3b47896853bc901efa3) Importer(815301076,1909f56bfc062723c751e8b465ee728b)
Start importing Assets/UI/Tex_0128.png using Guid(93228db13ef2e3b47896853bc901efa3) Importer(815301076,1909f56bfc062723c751e8b465ee728b)  -> (artifact id: 'fdb399988a8fc63ca47a8fd3ea07dce7') in 0.012186 seconds 
========================================================================
Received Import Request.
  Time since last request: 133.572614 seconds.
  path: Assets/UI/Tex_0375.png
  artifactKey: Guid(11806b43c7019154fa969b88e26c4ec3) Importer(815301076,1909f56bfc062723c751e8b465ee728b)
Start importing Assets/UI/Tex_0375.png using Guid(11806b43c7019154fa969b88e26c4ec3) Importer(815301076,1909f56bfc062723c751e8b465ee728b)  -> (artifact id: 'd8b56ae4e635eddfa154f42a28296126') in 0.013383 seconds 
========================================================================
Received Import Request.
  Time since last request: 6478.418578 seconds.
  path: Assets/UI/商店.png
  artifactKey: Guid(3185cafb691576f419df0237f9ea72e0) Importer(815301076,1909f56bfc062723c751e8b465ee728b)
Start importing Assets/UI/商店.png using Guid(3185cafb691576f419df0237f9ea72e0) Importer(815301076,1909f56bfc062723c751e8b465ee728b)  -> (artifact id: '1eebe5b331cd241d7ee1475a8d70baaa') in 0.158939 seconds 
========================================================================
Received Import Request.
  Time since last request: 0.000054 seconds.
  path: Assets/UI/小车.png
  artifactKey: Guid(80d056c2c1bd8084ea523887ccf91be2) Importer(815301076,1909f56bfc062723c751e8b465ee728b)
Start importing Assets/UI/小车.png using Guid(80d056c2c1bd8084ea523887ccf91be2) Importer(815301076,1909f56bfc062723c751e8b465ee728b)  -> (artifact id: '526b840b5be8c9a71cef054c2ea1b5b8') in 0.043969 seconds 
========================================================================
Received Import Request.
  Time since last request: 0.000035 seconds.
  path: Assets/UI/暂停.png
  artifactKey: Guid(829c7de4cf56d0f4a8caab8f3fd0e793) Importer(815301076,1909f56bfc062723c751e8b465ee728b)
Start importing Assets/UI/暂停.png using Guid(829c7de4cf56d0f4a8caab8f3fd0e793) Importer(815301076,1909f56bfc062723c751e8b465ee728b)  -> (artifact id: 'e8558cc0b634c44dfc8a144c7c16e77b') in 0.029186 seconds 
========================================================================
Received Import Request.
  Time since last request: 0.000022 seconds.
  path: Assets/UI/菜单.png
  artifactKey: Guid(b46410925625e7c41baa0020e139a50f) Importer(815301076,1909f56bfc062723c751e8b465ee728b)
Start importing Assets/UI/菜单.png using Guid(b46410925625e7c41baa0020e139a50f) Importer(815301076,1909f56bfc062723c751e8b465ee728b)  -> (artifact id: '43185de46f9679f361c7c1aa6d96f265') in 0.029888 seconds 
Editor requested this worker to shutdown with reason: Scaling down because of idle timeout
AssetImportWorker is now disconnected from the server
Process exiting
Exiting without the bug reporter. Application will terminate with return code 0