Using pre-set license
Built from '2021.3/china_unity/release' branch; Version is '2021.3.1f1c1 (0cb3bd085a01) revision 832445'; Using compiler version '192829333'; Build Type 'Release'
OS: 'Windows 10  (10.0.19044) 64bit CoreCountrySpecific' Language: 'zh' Physical Memory: 16122 MB
BatchMode: 1, IsHumanControllingUs: 0, StartBugReporterOnCrash: 0, Is64bit: 1, IsPro: 1

COMMAND LINE ARGUMENTS:
C:\Program Files\Unity\Hub\Editor\2021.3.1f1c1\Editor\Unity.exe
-adb2
-batchMode
-noUpm
-name
AssetImportWorker1
-projectPath
C:/Users/ASUS/Desktop/Aphaca/RUN/RUN
-logFile
Logs/AssetImportWorker1.log
-srvPort
63410
Successfully changed project path to: C:/Users/ASUS/Desktop/Aphaca/RUN/RUN
C:/Users/ASUS/Desktop/Aphaca/RUN/RUN
[UnityMemory] Configuration Parameters - Can be set up in boot.config
    "memorysetup-bucket-allocator-granularity=16"
    "memorysetup-bucket-allocator-bucket-count=8"
    "memorysetup-bucket-allocator-block-size=33554432"
    "memorysetup-bucket-allocator-block-count=8"
    "memorysetup-main-allocator-block-size=16777216"
    "memorysetup-thread-allocator-block-size=16777216"
    "memorysetup-gfx-main-allocator-block-size=16777216"
    "memorysetup-gfx-thread-allocator-block-size=16777216"
    "memorysetup-cache-allocator-block-size=4194304"
    "memorysetup-typetree-allocator-block-size=2097152"
    "memorysetup-profiler-bucket-allocator-granularity=16"
    "memorysetup-profiler-bucket-allocator-bucket-count=8"
    "memorysetup-profiler-bucket-allocator-block-size=33554432"
    "memorysetup-profiler-bucket-allocator-block-count=8"
    "memorysetup-profiler-allocator-block-size=16777216"
    "memorysetup-profiler-editor-allocator-block-size=1048576"
    "memorysetup-temp-allocator-size-main=16777216"
    "memorysetup-job-temp-allocator-block-size=2097152"
    "memorysetup-job-temp-allocator-block-size-background=1048576"
    "memorysetup-job-temp-allocator-reduction-small-platforms=262144"
    "memorysetup-temp-allocator-size-background-worker=32768"
    "memorysetup-temp-allocator-size-job-worker=262144"
    "memorysetup-temp-allocator-size-preload-manager=33554432"
    "memorysetup-temp-allocator-size-nav-mesh-worker=65536"
    "memorysetup-temp-allocator-size-audio-worker=65536"
    "memorysetup-temp-allocator-size-cloud-worker=32768"
    "memorysetup-temp-allocator-size-gi-baking-worker=262144"
    "memorysetup-temp-allocator-size-gfx=262144"
AS: AutoStreaming module initializing.
Refreshing native plugins compatible for Editor in 69.67 ms, found 3 plugins.
Preloading 0 native plugins for Editor in 0.00 ms.
Initialize engine version: 2021.3.1f1c1 (0cb3bd085a01)
[Subsystems] Discovering subsystems at path C:/Program Files/Unity/Hub/Editor/2021.3.1f1c1/Editor/Data/Resources/UnitySubsystems
[Subsystems] Discovering subsystems at path C:/Users/ASUS/Desktop/Aphaca/RUN/RUN/Assets
GfxDevice: creating device client; threaded=0; jobified=0
Direct3D:
    Version:  Direct3D 11.0 [level 11.1]
    Renderer: NVIDIA GeForce RTX 3060 Laptop GPU (ID=0x2520)
    Vendor:   NVIDIA
    VRAM:     6023 MB
    Driver:   30.0.15.1179
Initialize mono
Mono path[0] = 'C:/Program Files/Unity/Hub/Editor/2021.3.1f1c1/Editor/Data/Managed'
Mono path[1] = 'C:/Program Files/Unity/Hub/Editor/2021.3.1f1c1/Editor/Data/MonoBleedingEdge/lib/mono/unityjit-win32'
Mono config path = 'C:/Program Files/Unity/Hub/Editor/2021.3.1f1c1/Editor/Data/MonoBleedingEdge/etc'
Using monoOptions --debugger-agent=transport=dt_socket,embedding=1,server=y,suspend=n,address=127.0.0.1:56756
Begin MonoManager ReloadAssembly
Registering precompiled unity dll's ...
Register platform support module: C:/Program Files/Unity/Hub/Editor/2021.3.1f1c1/Editor/Data/PlaybackEngines/AndroidPlayer/UnityEditor.Android.Extensions.dll
Register platform support module: C:/Program Files/Unity/Hub/Editor/2021.3.1f1c1/Editor/Data/PlaybackEngines/WindowsStandaloneSupport/UnityEditor.WindowsStandalone.Extensions.dll
Registered in 0.008082 seconds.
Native extension for WindowsStandalone target not found
Native extension for Android target not found
Refreshing native plugins compatible for Editor in 77.48 ms, found 3 plugins.
Preloading 0 native plugins for Editor in 0.00 ms.
Mono: successfully reloaded assembly
- Completed reload, in  0.624 seconds
Domain Reload Profiling:
	ReloadAssembly (624ms)
		BeginReloadAssembly (64ms)
			ExecutionOrderSort (0ms)
			DisableScriptedObjects (0ms)
			BackupInstance (0ms)
			ReleaseScriptingObjects (0ms)
			CreateAndSetChildDomain (1ms)
		EndReloadAssembly (461ms)
			LoadAssemblies (60ms)
			RebuildTransferFunctionScriptingTraits (0ms)
			SetupTypeCache (122ms)
			ReleaseScriptCaches (0ms)
			RebuildScriptCaches (26ms)
			SetupLoadedEditorAssemblies (258ms)
				LogAssemblyErrors (0ms)
				InitializePlatformSupportModulesInManaged (51ms)
				SetLoadedEditorAssemblies (0ms)
				RefreshPlugins (78ms)
				BeforeProcessingInitializeOnLoad (1ms)
				ProcessInitializeOnLoadAttributes (86ms)
				ProcessInitializeOnLoadMethodAttributes (42ms)
				AfterProcessingInitializeOnLoad (0ms)
				EditorAssembliesLoaded (0ms)
			ExecutionOrderSort2 (0ms)
			AwakeInstancesAfterBackupRestoration (0ms)
Platform modules already initialized, skipping
Registering precompiled user dll's ...
Registered in 0.008335 seconds.
Begin MonoManager ReloadAssembly
Symbol file LoadedFromMemory doesn't match image C:\Users\ASUS\Desktop\Aphaca\RUN\RUN\Library\PackageCache\com.unity.visualscripting@1.7.6\Editor\VisualScripting.Core\Dependencies\YamlDotNet\Unity.VisualScripting.YamlDotNet.dll
Symbol file LoadedFromMemory is not a mono symbol file
Symbol file LoadedFromMemory doesn't match image C:\Users\ASUS\Desktop\Aphaca\RUN\RUN\Library\PackageCache\com.unity.visualscripting@1.7.6\Editor\VisualScripting.Core\Dependencies\DotNetZip\Unity.VisualScripting.IonicZip.dll
Native extension for WindowsStandalone target not found
Native extension for Android target not found
Refreshing native plugins compatible for Editor in 0.52 ms, found 3 plugins.
Preloading 0 native plugins for Editor in 0.00 ms.
Mono: successfully reloaded assembly
- Completed reload, in  1.033 seconds
Domain Reload Profiling:
	ReloadAssembly (1034ms)
		BeginReloadAssembly (207ms)
			ExecutionOrderSort (0ms)
			DisableScriptedObjects (4ms)
			BackupInstance (0ms)
			ReleaseScriptingObjects (0ms)
			CreateAndSetChildDomain (123ms)
		EndReloadAssembly (713ms)
			LoadAssemblies (88ms)
			RebuildTransferFunctionScriptingTraits (0ms)
			SetupTypeCache (221ms)
			ReleaseScriptCaches (1ms)
			RebuildScriptCaches (45ms)
			SetupLoadedEditorAssemblies (318ms)
				LogAssemblyErrors (0ms)
				InitializePlatformSupportModulesInManaged (14ms)
				SetLoadedEditorAssemblies (0ms)
				RefreshPlugins (1ms)
				BeforeProcessingInitializeOnLoad (77ms)
				ProcessInitializeOnLoadAttributes (180ms)
				ProcessInitializeOnLoadMethodAttributes (31ms)
				AfterProcessingInitializeOnLoad (16ms)
				EditorAssembliesLoaded (0ms)
			ExecutionOrderSort2 (0ms)
			AwakeInstancesAfterBackupRestoration (8ms)
Platform modules already initialized, skipping
========================================================================
Worker process is ready to serve import requests
Launched and connected shader compiler UnityShaderCompiler.exe after 0.06 seconds
Refreshing native plugins compatible for Editor in 0.69 ms, found 3 plugins.
Preloading 0 native plugins for Editor in 0.00 ms.
Unloading 3273 Unused Serialized files (Serialized files now loaded: 0)
Unloading 23 unused Assets / (112.1 KB). Loaded Objects now: 3746.
Memory consumption went from 117.3 MB to 117.2 MB.
Total: 3.771700 ms (FindLiveObjects: 0.311200 ms CreateObjectMapping: 0.135500 ms MarkObjects: 3.197200 ms  DeleteObjects: 0.126000 ms)

AssetImportParameters requested are different than current active one (requested -> active):
  custom:video-decoder-ogg-theora: a1e56fd34408186e4bbccfd4996cb3dc -> 
  custom:container-muxer-webm: aa71ff27fc2769a1b78a27578f13a17b -> 
  custom:container-demuxer-webm: 4f35f7cbe854078d1ac9338744f61a02 -> 
  custom:video-encoder-webm-vp8: eb34c28f22e8b96e1ab97ce403110664 -> 
  custom:video-codec-MediaFoundation-h265: 746d11721c4dcdbdad8f713fa42b33f4 -> 
  custom:audio-encoder-webm-vorbis: bf7c407c2cedff20999df2af8eb42d56 -> 
  custom:framework-win-MediaFoundation: 216162199b28c13a410421893ffa2e32 -> 
  custom:container-demuxer-ogg: 62fdf1f143b41e24485cea50d1cbac27 -> 
  custom:video-decoder-webm-vp8: 9c59270c3fd7afecdb556c50c9e8de78 -> 
  custom:audio-decoder-ogg-vorbis: bf7c407c2cedff20999df2af8eb42d56 -> 
========================================================================
Received Import Request.
  Time since last request: 507972.817448 seconds.
  path: Assets/Scenes/main.unity
  artifactKey: Guid(7cca283bb08af354eba8c950c20194c0) Importer(815301076,1909f56bfc062723c751e8b465ee728b)
Start importing Assets/Scenes/main.unity using Guid(7cca283bb08af354eba8c950c20194c0) Importer(815301076,1909f56bfc062723c751e8b465ee728b)  -> (artifact id: '817536ebd3144e95f210dffb9b683e9e') in 0.014404 seconds 
========================================================================
Received Import Request.
  Time since last request: 0.000027 seconds.
  path: Assets/Scenes/game.unity
  artifactKey: Guid(a6f658fcbfcc5be4b8bf8a68c24f4578) Importer(815301076,1909f56bfc062723c751e8b465ee728b)
Start importing Assets/Scenes/game.unity using Guid(a6f658fcbfcc5be4b8bf8a68c24f4578) Importer(815301076,1909f56bfc062723c751e8b465ee728b)  -> (artifact id: 'cc558e81c3446d24f104d9deee197d25') in 0.007565 seconds 
========================================================================
Received Import Request.
  Time since last request: 0.000036 seconds.
  path: Assets/Scenes/SampleScene.unity
  artifactKey: Guid(9fc0d4010bbf28b4594072e72b8655ab) Importer(815301076,1909f56bfc062723c751e8b465ee728b)
Start importing Assets/Scenes/SampleScene.unity using Guid(9fc0d4010bbf28b4594072e72b8655ab) Importer(815301076,1909f56bfc062723c751e8b465ee728b)  -> (artifact id: 'cdaf859ace2ac2a8e2ad35ae69d5821e') in 0.009716 seconds 
========================================================================
Received Import Request.
  Time since last request: 107.537638 seconds.
  path: Assets/UI/Tex_0024.png
  artifactKey: Guid(87346213eb2277e4fb82b50ccb79dc8a) Importer(815301076,1909f56bfc062723c751e8b465ee728b)
Start importing Assets/UI/Tex_0024.png using Guid(87346213eb2277e4fb82b50ccb79dc8a) Importer(815301076,1909f56bfc062723c751e8b465ee728b)  -> (artifact id: 'd387480643a94ee0667601c290e67ec9') in 0.120236 seconds 
========================================================================
Received Import Request.
  Time since last request: 0.000051 seconds.
  path: Assets/UI/Tex_0379.png
  artifactKey: Guid(c9deecb7b53459246b70d84f5c6949d6) Importer(815301076,1909f56bfc062723c751e8b465ee728b)
Start importing Assets/UI/Tex_0379.png using Guid(c9deecb7b53459246b70d84f5c6949d6) Importer(815301076,1909f56bfc062723c751e8b465ee728b)  -> (artifact id: '042bab4c279cae45f6a755fcfeb578f2') in 0.039639 seconds 
========================================================================
Received Import Request.
  Time since last request: 0.000052 seconds.
  path: Assets/UI/Tex_0374.png
  artifactKey: Guid(f97367889b6370442808f700dcbc5e01) Importer(815301076,1909f56bfc062723c751e8b465ee728b)
Start importing Assets/UI/Tex_0374.png using Guid(f97367889b6370442808f700dcbc5e01) Importer(815301076,1909f56bfc062723c751e8b465ee728b)  -> (artifact id: 'fcd72774751e3f3123495e8613df3354') in 0.038227 seconds 
========================================================================
Received Import Request.
  Time since last request: 0.000047 seconds.
  path: Assets/UI/Tex_0366.png
  artifactKey: Guid(acf972d2cfa33bf47abf54ce203b6d95) Importer(815301076,1909f56bfc062723c751e8b465ee728b)
Start importing Assets/UI/Tex_0366.png using Guid(acf972d2cfa33bf47abf54ce203b6d95) Importer(815301076,1909f56bfc062723c751e8b465ee728b)  -> (artifact id: 'ae186b4b957be3ef493d665836c86aac') in 0.024178 seconds 
========================================================================
Received Import Request.
  Time since last request: 0.000030 seconds.
  path: Assets/UI/Tex_0358.png
  artifactKey: Guid(f8978e3567402dd4a8c83cafcab78ee5) Importer(815301076,1909f56bfc062723c751e8b465ee728b)
Start importing Assets/UI/Tex_0358.png using Guid(f8978e3567402dd4a8c83cafcab78ee5) Importer(815301076,1909f56bfc062723c751e8b465ee728b)  -> (artifact id: '1248a0e454213b56413be0981b5f1dcd') in 0.040231 seconds 
========================================================================
Received Import Request.
  Time since last request: 0.000027 seconds.
  path: Assets/UI/Tex_0040.png
  artifactKey: Guid(4c31da49613aee04aa0ebbc3cc28822c) Importer(815301076,1909f56bfc062723c751e8b465ee728b)
Start importing Assets/UI/Tex_0040.png using Guid(4c31da49613aee04aa0ebbc3cc28822c) Importer(815301076,1909f56bfc062723c751e8b465ee728b)  -> (artifact id: '6256009c276a056f674c8c645fac8f52') in 0.064687 seconds 
========================================================================
Received Import Request.
  Time since last request: 0.000030 seconds.
  path: Assets/UI/Tex_0355.png
  artifactKey: Guid(5f849f4fcb51b8d43a71e2041e4c4a99) Importer(815301076,1909f56bfc062723c751e8b465ee728b)
Start importing Assets/UI/Tex_0355.png using Guid(5f849f4fcb51b8d43a71e2041e4c4a99) Importer(815301076,1909f56bfc062723c751e8b465ee728b)  -> (artifact id: 'ce6fc339ee3993d7f7a63902cff35970') in 0.029580 seconds 
========================================================================
Received Import Request.
  Time since last request: 0.000032 seconds.
  path: Assets/UI/Tex_0359.png
  artifactKey: Guid(82d97d7d5347da541be18b50f2545b8f) Importer(815301076,1909f56bfc062723c751e8b465ee728b)
Start importing Assets/UI/Tex_0359.png using Guid(82d97d7d5347da541be18b50f2545b8f) Importer(815301076,1909f56bfc062723c751e8b465ee728b)  -> (artifact id: 'ace7693ed2fe6bac986550fe6ea02f49') in 0.033699 seconds 
========================================================================
Received Import Request.
  Time since last request: 0.000033 seconds.
  path: Assets/UI/Tex_0117.png
  artifactKey: Guid(e7cfabb851d59f449928a56d2d54ee5c) Importer(815301076,1909f56bfc062723c751e8b465ee728b)
Start importing Assets/UI/Tex_0117.png using Guid(e7cfabb851d59f449928a56d2d54ee5c) Importer(815301076,1909f56bfc062723c751e8b465ee728b)  -> (artifact id: 'e07385fa10579c54bdccf7afd0ebfebc') in 0.034582 seconds 
========================================================================
Received Import Request.
  Time since last request: 0.000042 seconds.
  path: Assets/UI/Tex_0062.png
  artifactKey: Guid(e6464519986e8d54cbccee96cf97652c) Importer(815301076,1909f56bfc062723c751e8b465ee728b)
Start importing Assets/UI/Tex_0062.png using Guid(e6464519986e8d54cbccee96cf97652c) Importer(815301076,1909f56bfc062723c751e8b465ee728b)  -> (artifact id: 'c108f5f46eb205d5eb5509540a866f05') in 0.029752 seconds 
========================================================================
Received Import Request.
  Time since last request: 0.000023 seconds.
  path: Assets/UI/Tex_0373.png
  artifactKey: Guid(160fd78310a704246899ae332d002448) Importer(815301076,1909f56bfc062723c751e8b465ee728b)
Start importing Assets/UI/Tex_0373.png using Guid(160fd78310a704246899ae332d002448) Importer(815301076,1909f56bfc062723c751e8b465ee728b)  -> (artifact id: '2d8139b67a9ada34f2b98f9397bfa2e5') in 0.029034 seconds 
========================================================================
Received Import Request.
  Time since last request: 0.000028 seconds.
  path: Assets/UI/Tex_0046.png
  artifactKey: Guid(bdb14857bbdf0864380961b0453b9d82) Importer(815301076,1909f56bfc062723c751e8b465ee728b)
Start importing Assets/UI/Tex_0046.png using Guid(bdb14857bbdf0864380961b0453b9d82) Importer(815301076,1909f56bfc062723c751e8b465ee728b)  -> (artifact id: '5d73ecd389736d412ce90ff6ff9b942c') in 0.021759 seconds 
========================================================================
Received Import Request.
  Time since last request: 0.000029 seconds.
  path: Assets/UI/Tex_0061.png
  artifactKey: Guid(1b5b2c79921400d41a8f883d7d3b3da2) Importer(815301076,1909f56bfc062723c751e8b465ee728b)
Start importing Assets/UI/Tex_0061.png using Guid(1b5b2c79921400d41a8f883d7d3b3da2) Importer(815301076,1909f56bfc062723c751e8b465ee728b)  -> (artifact id: '9f7354a566efc5e1a259f247603ec66f') in 0.027334 seconds 
========================================================================
Received Import Request.
  Time since last request: 0.000024 seconds.
  path: Assets/UI/Tex_0375.png
  artifactKey: Guid(11806b43c7019154fa969b88e26c4ec3) Importer(815301076,1909f56bfc062723c751e8b465ee728b)
Start importing Assets/UI/Tex_0375.png using Guid(11806b43c7019154fa969b88e26c4ec3) Importer(815301076,1909f56bfc062723c751e8b465ee728b)  -> (artifact id: 'c19d192aed75ae3607081e52a7dae147') in 0.034708 seconds 
========================================================================
Received Import Request.
  Time since last request: 0.665555 seconds.
  path: Assets/UI/Tex_0454.png
  artifactKey: Guid(4943c00eb7e3bc84b89cba22dfcea7df) Importer(815301076,1909f56bfc062723c751e8b465ee728b)
Start importing Assets/UI/Tex_0454.png using Guid(4943c00eb7e3bc84b89cba22dfcea7df) Importer(815301076,1909f56bfc062723c751e8b465ee728b)  -> (artifact id: '44498a2bdf762b6333139cff50ff23a4') in 0.099741 seconds 
========================================================================
Received Import Request.
  Time since last request: 0.000025 seconds.
  path: Assets/UI/双倍.png
  artifactKey: Guid(11db78ccff3bae046946fbf032987ff2) Importer(815301076,1909f56bfc062723c751e8b465ee728b)
Start importing Assets/UI/双倍.png using Guid(11db78ccff3bae046946fbf032987ff2) Importer(815301076,1909f56bfc062723c751e8b465ee728b)  -> (artifact id: 'f857880ff20855b0174e8c4ded746cb8') in 0.307029 seconds 
========================================================================
Received Import Request.
  Time since last request: 0.000025 seconds.
  path: Assets/UI/小车.png
  artifactKey: Guid(80d056c2c1bd8084ea523887ccf91be2) Importer(815301076,1909f56bfc062723c751e8b465ee728b)
Start importing Assets/UI/小车.png using Guid(80d056c2c1bd8084ea523887ccf91be2) Importer(815301076,1909f56bfc062723c751e8b465ee728b)  -> (artifact id: '1b6cffee55626a2b33e19795cc1022f9') in 0.232296 seconds 
========================================================================
Received Import Request.
  Time since last request: 0.000033 seconds.
  path: Assets/UI/图片2.png
  artifactKey: Guid(a3ebded9429a84545b893a073c6a1c7e) Importer(815301076,1909f56bfc062723c751e8b465ee728b)
Start importing Assets/UI/图片2.png using Guid(a3ebded9429a84545b893a073c6a1c7e) Importer(815301076,1909f56bfc062723c751e8b465ee728b)  -> (artifact id: '79553b3b8d1df411c86ad3f1d70255ed') in 0.038769 seconds 
========================================================================
Received Import Request.
  Time since last request: 0.000028 seconds.
  path: Assets/UI/路1.png
  artifactKey: Guid(5c6780ca42d2523458c23ca2ec4e613c) Importer(815301076,1909f56bfc062723c751e8b465ee728b)
Start importing Assets/UI/路1.png using Guid(5c6780ca42d2523458c23ca2ec4e613c) Importer(815301076,1909f56bfc062723c751e8b465ee728b)  -> (artifact id: 'ba985e03fa1a177d3a38be793fc49172') in 0.234080 seconds 
========================================================================
Received Import Request.
  Time since last request: 0.000040 seconds.
  path: Assets/UI/图片1.png
  artifactKey: Guid(5239821461bfb604aaecddaccf41f634) Importer(815301076,1909f56bfc062723c751e8b465ee728b)
Start importing Assets/UI/图片1.png using Guid(5239821461bfb604aaecddaccf41f634) Importer(815301076,1909f56bfc062723c751e8b465ee728b)  -> (artifact id: '9b51b16744d2894f520b57d9cb453198') in 0.045144 seconds 
========================================================================
Received Import Request.
  Time since last request: 0.000052 seconds.
  path: Assets/UI/图片3.png
  artifactKey: Guid(3757836493ddfc34fb522199a1b1368d) Importer(815301076,1909f56bfc062723c751e8b465ee728b)
Start importing Assets/UI/图片3.png using Guid(3757836493ddfc34fb522199a1b1368d) Importer(815301076,1909f56bfc062723c751e8b465ee728b)  -> (artifact id: '0ead2e28543bb6e575dcea8f417ac8e2') in 0.036454 seconds 
========================================================================
Received Import Request.
  Time since last request: 0.000027 seconds.
  path: Assets/UI/路2.png
  artifactKey: Guid(9571c30a7d51d9c42864697e6e6942a4) Importer(815301076,1909f56bfc062723c751e8b465ee728b)
Start importing Assets/UI/路2.png using Guid(9571c30a7d51d9c42864697e6e6942a4) Importer(815301076,1909f56bfc062723c751e8b465ee728b)  -> (artifact id: 'c19e31bc998e16769e3fe603ec23e4a2') in 0.228490 seconds 
========================================================================
Received Import Request.
  Time since last request: 0.000024 seconds.
  path: Assets/UI/购物.png
  artifactKey: Guid(e895805859fa8db42bab38469df1449e) Importer(815301076,1909f56bfc062723c751e8b465ee728b)
Start importing Assets/UI/购物.png using Guid(e895805859fa8db42bab38469df1449e) Importer(815301076,1909f56bfc062723c751e8b465ee728b)  -> (artifact id: '8263a8708861c98ce9082515a7b2f297') in 0.255903 seconds 
========================================================================
Received Import Request.
  Time since last request: 0.000061 seconds.
  path: Assets/UI/路.png
  artifactKey: Guid(c9b472bf8e5877b45ae6939a119e37f3) Importer(815301076,1909f56bfc062723c751e8b465ee728b)
Start importing Assets/UI/路.png using Guid(c9b472bf8e5877b45ae6939a119e37f3) Importer(815301076,1909f56bfc062723c751e8b465ee728b)  -> (artifact id: '83c89bb3c10338200e7176575028d9ed') in 0.236664 seconds 
========================================================================
Received Import Request.
  Time since last request: 0.000027 seconds.
  path: Assets/UI/退出.png
  artifactKey: Guid(54311620872816741b3ca2a8bb8738fe) Importer(815301076,1909f56bfc062723c751e8b465ee728b)
Start importing Assets/UI/退出.png using Guid(54311620872816741b3ca2a8bb8738fe) Importer(815301076,1909f56bfc062723c751e8b465ee728b)  -> (artifact id: 'ade7511775f9a015342d281ea6389531') in 0.245657 seconds 
Editor requested this worker to shutdown with reason: Scaling down because of idle timeout
AssetImportWorker is now disconnected from the server
Process exiting
Exiting without the bug reporter. Application will terminate with return code 0