Using pre-set license
Built from '2021.3/china_unity/release' branch; Version is '2021.3.1f1c1 (0cb3bd085a01) revision 832445'; Using compiler version '192829333'; Build Type 'Release'
OS: 'Windows 10  (10.0.19044) 64bit CoreCountrySpecific' Language: 'zh' Physical Memory: 16122 MB
BatchMode: 1, IsHumanControllingUs: 0, StartBugReporterOnCrash: 0, Is64bit: 1, IsPro: 1

COMMAND LINE ARGUMENTS:
C:\Program Files\Unity\Hub\Editor\2021.3.1f1c1\Editor\Unity.exe
-adb2
-batchMode
-noUpm
-name
AssetImportWorker4
-projectPath
C:/Users/ASUS/Desktop/Aphaca/RUN
-logFile
Logs/AssetImportWorker4.log
-srvPort
52229
Successfully changed project path to: C:/Users/ASUS/Desktop/Aphaca/RUN
C:/Users/ASUS/Desktop/Aphaca/RUN
[UnityMemory] Configuration Parameters - Can be set up in boot.config
    "memorysetup-bucket-allocator-granularity=16"
    "memorysetup-bucket-allocator-bucket-count=8"
    "memorysetup-bucket-allocator-block-size=33554432"
    "memorysetup-bucket-allocator-block-count=8"
    "memorysetup-main-allocator-block-size=16777216"
    "memorysetup-thread-allocator-block-size=16777216"
    "memorysetup-gfx-main-allocator-block-size=16777216"
    "memorysetup-gfx-thread-allocator-block-size=16777216"
    "memorysetup-cache-allocator-block-size=4194304"
    "memorysetup-typetree-allocator-block-size=2097152"
    "memorysetup-profiler-bucket-allocator-granularity=16"
    "memorysetup-profiler-bucket-allocator-bucket-count=8"
    "memorysetup-profiler-bucket-allocator-block-size=33554432"
    "memorysetup-profiler-bucket-allocator-block-count=8"
    "memorysetup-profiler-allocator-block-size=16777216"
    "memorysetup-profiler-editor-allocator-block-size=1048576"
    "memorysetup-temp-allocator-size-main=16777216"
    "memorysetup-job-temp-allocator-block-size=2097152"
    "memorysetup-job-temp-allocator-block-size-background=1048576"
    "memorysetup-job-temp-allocator-reduction-small-platforms=262144"
    "memorysetup-temp-allocator-size-background-worker=32768"
    "memorysetup-temp-allocator-size-job-worker=262144"
    "memorysetup-temp-allocator-size-preload-manager=33554432"
    "memorysetup-temp-allocator-size-nav-mesh-worker=65536"
    "memorysetup-temp-allocator-size-audio-worker=65536"
    "memorysetup-temp-allocator-size-cloud-worker=32768"
    "memorysetup-temp-allocator-size-gi-baking-worker=262144"
    "memorysetup-temp-allocator-size-gfx=262144"
AS: AutoStreaming module initializing.
Refreshing native plugins compatible for Editor in 69.50 ms, found 3 plugins.
Preloading 0 native plugins for Editor in 0.00 ms.
Initialize engine version: 2021.3.1f1c1 (0cb3bd085a01)
[Subsystems] Discovering subsystems at path C:/Program Files/Unity/Hub/Editor/2021.3.1f1c1/Editor/Data/Resources/UnitySubsystems
[Subsystems] Discovering subsystems at path C:/Users/ASUS/Desktop/Aphaca/RUN/Assets
GfxDevice: creating device client; threaded=0; jobified=0
Direct3D:
    Version:  Direct3D 11.0 [level 11.1]
    Renderer: NVIDIA GeForce RTX 3060 Laptop GPU (ID=0x2520)
    Vendor:   NVIDIA
    VRAM:     6023 MB
    Driver:   30.0.15.1179
Initialize mono
Mono path[0] = 'C:/Program Files/Unity/Hub/Editor/2021.3.1f1c1/Editor/Data/Managed'
Mono path[1] = 'C:/Program Files/Unity/Hub/Editor/2021.3.1f1c1/Editor/Data/MonoBleedingEdge/lib/mono/unityjit-win32'
Mono config path = 'C:/Program Files/Unity/Hub/Editor/2021.3.1f1c1/Editor/Data/MonoBleedingEdge/etc'
Using monoOptions --debugger-agent=transport=dt_socket,embedding=1,server=y,suspend=n,address=127.0.0.1:56792
Begin MonoManager ReloadAssembly
Registering precompiled unity dll's ...
Register platform support module: C:/Program Files/Unity/Hub/Editor/2021.3.1f1c1/Editor/Data/PlaybackEngines/AndroidPlayer/UnityEditor.Android.Extensions.dll
Register platform support module: C:/Program Files/Unity/Hub/Editor/2021.3.1f1c1/Editor/Data/PlaybackEngines/WindowsStandaloneSupport/UnityEditor.WindowsStandalone.Extensions.dll
Registered in 0.010099 seconds.
Native extension for WindowsStandalone target not found
Native extension for Android target not found
Refreshing native plugins compatible for Editor in 73.72 ms, found 3 plugins.
Preloading 0 native plugins for Editor in 0.00 ms.
Mono: successfully reloaded assembly
- Completed reload, in  0.605 seconds
Domain Reload Profiling:
	ReloadAssembly (605ms)
		BeginReloadAssembly (86ms)
			ExecutionOrderSort (0ms)
			DisableScriptedObjects (0ms)
			BackupInstance (0ms)
			ReleaseScriptingObjects (0ms)
			CreateAndSetChildDomain (1ms)
		EndReloadAssembly (399ms)
			LoadAssemblies (82ms)
			RebuildTransferFunctionScriptingTraits (0ms)
			SetupTypeCache (85ms)
			ReleaseScriptCaches (0ms)
			RebuildScriptCaches (23ms)
			SetupLoadedEditorAssemblies (243ms)
				LogAssemblyErrors (0ms)
				InitializePlatformSupportModulesInManaged (48ms)
				SetLoadedEditorAssemblies (0ms)
				RefreshPlugins (74ms)
				BeforeProcessingInitializeOnLoad (1ms)
				ProcessInitializeOnLoadAttributes (84ms)
				ProcessInitializeOnLoadMethodAttributes (35ms)
				AfterProcessingInitializeOnLoad (0ms)
				EditorAssembliesLoaded (0ms)
			ExecutionOrderSort2 (0ms)
			AwakeInstancesAfterBackupRestoration (0ms)
Platform modules already initialized, skipping
Registering precompiled user dll's ...
Registered in 0.008134 seconds.
Begin MonoManager ReloadAssembly
Symbol file LoadedFromMemory doesn't match image C:\Users\ASUS\Desktop\Aphaca\RUN\Library\PackageCache\com.unity.visualscripting@1.7.6\Editor\VisualScripting.Core\Dependencies\YamlDotNet\Unity.VisualScripting.YamlDotNet.dll
Symbol file LoadedFromMemory is not a mono symbol file
Symbol file LoadedFromMemory doesn't match image C:\Users\ASUS\Desktop\Aphaca\RUN\Library\PackageCache\com.unity.visualscripting@1.7.6\Editor\VisualScripting.Core\Dependencies\DotNetZip\Unity.VisualScripting.IonicZip.dll
Native extension for WindowsStandalone target not found
Native extension for Android target not found
Refreshing native plugins compatible for Editor in 0.53 ms, found 3 plugins.
Preloading 0 native plugins for Editor in 0.00 ms.
Mono: successfully reloaded assembly
- Completed reload, in  1.013 seconds
Domain Reload Profiling:
	ReloadAssembly (1013ms)
		BeginReloadAssembly (212ms)
			ExecutionOrderSort (0ms)
			DisableScriptedObjects (4ms)
			BackupInstance (0ms)
			ReleaseScriptingObjects (0ms)
			CreateAndSetChildDomain (127ms)
		EndReloadAssembly (694ms)
			LoadAssemblies (121ms)
			RebuildTransferFunctionScriptingTraits (0ms)
			SetupTypeCache (209ms)
			ReleaseScriptCaches (1ms)
			RebuildScriptCaches (39ms)
			SetupLoadedEditorAssemblies (294ms)
				LogAssemblyErrors (0ms)
				InitializePlatformSupportModulesInManaged (13ms)
				SetLoadedEditorAssemblies (0ms)
				RefreshPlugins (1ms)
				BeforeProcessingInitializeOnLoad (78ms)
				ProcessInitializeOnLoadAttributes (166ms)
				ProcessInitializeOnLoadMethodAttributes (20ms)
				AfterProcessingInitializeOnLoad (15ms)
				EditorAssembliesLoaded (0ms)
			ExecutionOrderSort2 (0ms)
			AwakeInstancesAfterBackupRestoration (6ms)
Platform modules already initialized, skipping
========================================================================
Worker process is ready to serve import requests
Launched and connected shader compiler UnityShaderCompiler.exe after 0.06 seconds
Refreshing native plugins compatible for Editor in 0.53 ms, found 3 plugins.
Preloading 0 native plugins for Editor in 0.00 ms.
Unloading 3226 Unused Serialized files (Serialized files now loaded: 0)
Unloading 23 unused Assets / (112.4 KB). Loaded Objects now: 3699.
Memory consumption went from 114.0 MB to 113.9 MB.
Total: 2.703400 ms (FindLiveObjects: 0.259800 ms CreateObjectMapping: 0.086800 ms MarkObjects: 2.234700 ms  DeleteObjects: 0.119800 ms)

AssetImportParameters requested are different than current active one (requested -> active):
  custom:video-decoder-ogg-theora: a1e56fd34408186e4bbccfd4996cb3dc -> 
  custom:container-muxer-webm: aa71ff27fc2769a1b78a27578f13a17b -> 
  custom:container-demuxer-webm: 4f35f7cbe854078d1ac9338744f61a02 -> 
  custom:video-encoder-webm-vp8: eb34c28f22e8b96e1ab97ce403110664 -> 
  custom:video-codec-MediaFoundation-h265: 746d11721c4dcdbdad8f713fa42b33f4 -> 
  custom:audio-encoder-webm-vorbis: bf7c407c2cedff20999df2af8eb42d56 -> 
  custom:framework-win-MediaFoundation: 216162199b28c13a410421893ffa2e32 -> 
  custom:container-demuxer-ogg: 62fdf1f143b41e24485cea50d1cbac27 -> 
  custom:video-decoder-webm-vp8: 9c59270c3fd7afecdb556c50c9e8de78 -> 
  custom:audio-decoder-ogg-vorbis: bf7c407c2cedff20999df2af8eb42d56 -> 
========================================================================
Received Import Request.
  Time since last request: 473982.356605 seconds.
  path: Assets/Scenes/main.unity
  artifactKey: Guid(7cca283bb08af354eba8c950c20194c0) Importer(815301076,1909f56bfc062723c751e8b465ee728b)
Start importing Assets/Scenes/main.unity using Guid(7cca283bb08af354eba8c950c20194c0) Importer(815301076,1909f56bfc062723c751e8b465ee728b)  -> (artifact id: 'abc753ee877fca9f438d2840f4dd1b49') in 0.010491 seconds 
========================================================================
Received Import Request.
  Time since last request: 8.316998 seconds.
  path: Assets/Scenes/game.unity
  artifactKey: Guid(a6f658fcbfcc5be4b8bf8a68c24f4578) Importer(815301076,1909f56bfc062723c751e8b465ee728b)
Start importing Assets/Scenes/game.unity using Guid(a6f658fcbfcc5be4b8bf8a68c24f4578) Importer(815301076,1909f56bfc062723c751e8b465ee728b)  -> (artifact id: '4abd48a37ec75d52a98cf6a0e19427b3') in 0.007035 seconds 
========================================================================
Received Import Request.
  Time since last request: 230.265053 seconds.
  path: Assets/UI/F1F36E9DE36CB89AE3D92D75FE48F67D.png
  artifactKey: Guid(d0623335a9de96348be3b84370495d64) Importer(815301076,1909f56bfc062723c751e8b465ee728b)
Start importing Assets/UI/F1F36E9DE36CB89AE3D92D75FE48F67D.png using Guid(d0623335a9de96348be3b84370495d64) Importer(815301076,1909f56bfc062723c751e8b465ee728b)  -> (artifact id: '60c4958b76336d38a86e643b90e598b8') in 0.147165 seconds 
========================================================================
Received Import Request.
  Time since last request: 0.491353 seconds.
  path: Assets/UI/购物.png
  artifactKey: Guid(e895805859fa8db42bab38469df1449e) Importer(815301076,1909f56bfc062723c751e8b465ee728b)
Start importing Assets/UI/购物.png using Guid(e895805859fa8db42bab38469df1449e) Importer(815301076,1909f56bfc062723c751e8b465ee728b)  -> (artifact id: '11c912ba324a67833ef6e9c2221fd564') in 0.045024 seconds 
========================================================================
Received Import Request.
  Time since last request: 0.000020 seconds.
  path: Assets/UI/路1.png
  artifactKey: Guid(5c6780ca42d2523458c23ca2ec4e613c) Importer(815301076,1909f56bfc062723c751e8b465ee728b)
Start importing Assets/UI/路1.png using Guid(5c6780ca42d2523458c23ca2ec4e613c) Importer(815301076,1909f56bfc062723c751e8b465ee728b)  -> (artifact id: '193e46435ef8c411ef47945d37487ab8') in 0.041944 seconds 
========================================================================
Received Import Request.
  Time since last request: 18.571511 seconds.
  path: Assets/UI/路2.png
  artifactKey: Guid(9571c30a7d51d9c42864697e6e6942a4) Importer(815301076,1909f56bfc062723c751e8b465ee728b)
Start importing Assets/UI/路2.png using Guid(9571c30a7d51d9c42864697e6e6942a4) Importer(815301076,1909f56bfc062723c751e8b465ee728b)  -> (artifact id: '4955bc7f3224023b1a94d71782511647') in 0.065444 seconds 
========================================================================
Received Import Request.
  Time since last request: 0.000018 seconds.
  path: Assets/UI/退出.png
  artifactKey: Guid(54311620872816741b3ca2a8bb8738fe) Importer(815301076,1909f56bfc062723c751e8b465ee728b)
Start importing Assets/UI/退出.png using Guid(54311620872816741b3ca2a8bb8738fe) Importer(815301076,1909f56bfc062723c751e8b465ee728b)  -> (artifact id: '2112a0c6b7a66cb9a86e63d08eda5888') in 0.044726 seconds 
========================================================================
Received Import Request.
  Time since last request: 12.371444 seconds.
  path: Assets/UI/Tex_0216.png
  artifactKey: Guid(4df1b51a15c58474d81b6a8c10d91141) Importer(815301076,1909f56bfc062723c751e8b465ee728b)
Start importing Assets/UI/Tex_0216.png using Guid(4df1b51a15c58474d81b6a8c10d91141) Importer(815301076,1909f56bfc062723c751e8b465ee728b)  -> (artifact id: 'e25e0fc7c143a146bd9065fe4684803e') in 0.104327 seconds 
========================================================================
Received Import Request.
  Time since last request: 0.506129 seconds.
  path: Assets/UI/F1F36E9DE36CB89AE3D92D75FE48F67D.png
  artifactKey: Guid(d0623335a9de96348be3b84370495d64) Importer(815301076,1909f56bfc062723c751e8b465ee728b)
Start importing Assets/UI/F1F36E9DE36CB89AE3D92D75FE48F67D.png using Guid(d0623335a9de96348be3b84370495d64) Importer(815301076,1909f56bfc062723c751e8b465ee728b)  -> (artifact id: '589c4607b90f4bb4774e226973ada395') in 0.237083 seconds 
========================================================================
Received Import Request.
  Time since last request: 0.000034 seconds.
  path: Assets/UI/Tex_0055.png
  artifactKey: Guid(8870b96d68d6eba4780177cf8a919596) Importer(815301076,1909f56bfc062723c751e8b465ee728b)
Start importing Assets/UI/Tex_0055.png using Guid(8870b96d68d6eba4780177cf8a919596) Importer(815301076,1909f56bfc062723c751e8b465ee728b)  -> (artifact id: 'aea12d82e7ed5803b37aaedd93a4f28e') in 0.019423 seconds 
========================================================================
Received Import Request.
  Time since last request: 0.000037 seconds.
  path: Assets/UI/Tex_0062.png
  artifactKey: Guid(e6464519986e8d54cbccee96cf97652c) Importer(815301076,1909f56bfc062723c751e8b465ee728b)
Start importing Assets/UI/Tex_0062.png using Guid(e6464519986e8d54cbccee96cf97652c) Importer(815301076,1909f56bfc062723c751e8b465ee728b)  -> (artifact id: 'b3c4fac75c7ffbf1a0283bf1c5dcfa33') in 0.022018 seconds 
========================================================================
Received Import Request.
  Time since last request: 0.000075 seconds.
  path: Assets/UI/Tex_0373.png
  artifactKey: Guid(160fd78310a704246899ae332d002448) Importer(815301076,1909f56bfc062723c751e8b465ee728b)
Start importing Assets/UI/Tex_0373.png using Guid(160fd78310a704246899ae332d002448) Importer(815301076,1909f56bfc062723c751e8b465ee728b)  -> (artifact id: '6f0e551976caaef627d8eea0227ccb6d') in 0.024006 seconds 
========================================================================
Received Import Request.
  Time since last request: 0.000026 seconds.
  path: Assets/UI/Tex_0212.png
  artifactKey: Guid(7311b5fbc35b977498ee27ebe7188364) Importer(815301076,1909f56bfc062723c751e8b465ee728b)
Start importing Assets/UI/Tex_0212.png using Guid(7311b5fbc35b977498ee27ebe7188364) Importer(815301076,1909f56bfc062723c751e8b465ee728b)  -> (artifact id: 'ec018473ddce8391a1b33e5656c5adf2') in 0.022639 seconds 
========================================================================
Received Import Request.
  Time since last request: 0.000026 seconds.
  path: Assets/UI/Tex_0046.png
  artifactKey: Guid(bdb14857bbdf0864380961b0453b9d82) Importer(815301076,1909f56bfc062723c751e8b465ee728b)
Start importing Assets/UI/Tex_0046.png using Guid(bdb14857bbdf0864380961b0453b9d82) Importer(815301076,1909f56bfc062723c751e8b465ee728b)  -> (artifact id: '428b8db8a3d508bd16a9ec4906f51435') in 0.014715 seconds 
========================================================================
Received Import Request.
  Time since last request: 0.000024 seconds.
  path: Assets/UI/Tex_0050.png
  artifactKey: Guid(59ef7c15efcdd5241b0868528f9c3200) Importer(815301076,1909f56bfc062723c751e8b465ee728b)
Start importing Assets/UI/Tex_0050.png using Guid(59ef7c15efcdd5241b0868528f9c3200) Importer(815301076,1909f56bfc062723c751e8b465ee728b)  -> (artifact id: 'aadb883503142e172bb76f6844ed3a7f') in 0.015540 seconds 
========================================================================
Received Import Request.
  Time since last request: 0.000034 seconds.
  path: Assets/UI/Tex_0061.png
  artifactKey: Guid(1b5b2c79921400d41a8f883d7d3b3da2) Importer(815301076,1909f56bfc062723c751e8b465ee728b)
Start importing Assets/UI/Tex_0061.png using Guid(1b5b2c79921400d41a8f883d7d3b3da2) Importer(815301076,1909f56bfc062723c751e8b465ee728b)  -> (artifact id: '571a679f7a60372059391e99bd4fd131') in 0.015212 seconds 
========================================================================
Received Import Request.
  Time since last request: 0.000029 seconds.
  path: Assets/UI/Tex_0356.png
  artifactKey: Guid(c19e6a6ff44891345afc99d46e947f3d) Importer(815301076,1909f56bfc062723c751e8b465ee728b)
Start importing Assets/UI/Tex_0356.png using Guid(c19e6a6ff44891345afc99d46e947f3d) Importer(815301076,1909f56bfc062723c751e8b465ee728b)  -> (artifact id: '725b5b05c6118b9c56d2e4594c6c0bae') in 0.017965 seconds 
========================================================================
Received Import Request.
  Time since last request: 0.000025 seconds.
  path: Assets/UI/Tex_0375.png
  artifactKey: Guid(11806b43c7019154fa969b88e26c4ec3) Importer(815301076,1909f56bfc062723c751e8b465ee728b)
Start importing Assets/UI/Tex_0375.png using Guid(11806b43c7019154fa969b88e26c4ec3) Importer(815301076,1909f56bfc062723c751e8b465ee728b)  -> (artifact id: '69aa6ed703eb909e354a8338e0ec7215') in 0.019697 seconds 
========================================================================
Received Import Request.
  Time since last request: 29.083246 seconds.
  path: Assets/UI/Tex_0454.png
  artifactKey: Guid(4943c00eb7e3bc84b89cba22dfcea7df) Importer(815301076,1909f56bfc062723c751e8b465ee728b)
Start importing Assets/UI/Tex_0454.png using Guid(4943c00eb7e3bc84b89cba22dfcea7df) Importer(815301076,1909f56bfc062723c751e8b465ee728b)  -> (artifact id: 'e4a6ffea21cb3f20c88dc661906e8ad9') in 0.090961 seconds 
========================================================================
Received Import Request.
  Time since last request: 53.113842 seconds.
  path: Assets/UI/按钮1.png
  artifactKey: Guid(3ca7548dfe2752b458c35f9ddfc826ec) Importer(815301076,1909f56bfc062723c751e8b465ee728b)
Start importing Assets/UI/按钮1.png using Guid(3ca7548dfe2752b458c35f9ddfc826ec) Importer(815301076,1909f56bfc062723c751e8b465ee728b)  -> (artifact id: '1dc2a973ba2e56aba318ff995aca4fe7') in 0.340463 seconds 
========================================================================
Received Import Request.
  Time since last request: 0.000031 seconds.
  path: Assets/UI/路.png
  artifactKey: Guid(c9b472bf8e5877b45ae6939a119e37f3) Importer(815301076,1909f56bfc062723c751e8b465ee728b)
Start importing Assets/UI/路.png using Guid(c9b472bf8e5877b45ae6939a119e37f3) Importer(815301076,1909f56bfc062723c751e8b465ee728b)  -> (artifact id: '9de984cb4470de33fc565ab402402989') in 0.185855 seconds 
========================================================================
Received Import Request.
  Time since last request: 0.015850 seconds.
  path: Assets/UI/路2.png
  artifactKey: Guid(9571c30a7d51d9c42864697e6e6942a4) Importer(815301076,1909f56bfc062723c751e8b465ee728b)
Start importing Assets/UI/路2.png using Guid(9571c30a7d51d9c42864697e6e6942a4) Importer(815301076,1909f56bfc062723c751e8b465ee728b)  -> (artifact id: '3d058d13743e7756ef31b0c5896aa812') in 0.214282 seconds 
========================================================================
Received Import Request.
  Time since last request: 787.091404 seconds.
  path: Assets/UI/图片1.png
  artifactKey: Guid(5239821461bfb604aaecddaccf41f634) Importer(815301076,1909f56bfc062723c751e8b465ee728b)
Start importing Assets/UI/图片1.png using Guid(5239821461bfb604aaecddaccf41f634) Importer(815301076,1909f56bfc062723c751e8b465ee728b)  -> (artifact id: 'd9bc71406b31f164bbe07efa5c2227e4') in 0.048592 seconds 
========================================================================
Received Import Request.
  Time since last request: 5.678237 seconds.
  path: Assets/UI/图片1.png
  artifactKey: Guid(5239821461bfb604aaecddaccf41f634) Importer(815301076,1909f56bfc062723c751e8b465ee728b)
Start importing Assets/UI/图片1.png using Guid(5239821461bfb604aaecddaccf41f634) Importer(815301076,1909f56bfc062723c751e8b465ee728b)  -> (artifact id: 'd14209cb068f18438fc7bfadfc14fcb7') in 0.035223 seconds 
========================================================================
Received Prepare
Registering precompiled user dll's ...
Registered in 0.010861 seconds.
Begin MonoManager ReloadAssembly
Symbol file LoadedFromMemory doesn't match image C:\Users\ASUS\Desktop\Aphaca\RUN\Library\PackageCache\com.unity.visualscripting@1.7.6\Editor\VisualScripting.Core\Dependencies\YamlDotNet\Unity.VisualScripting.YamlDotNet.dll
Symbol file LoadedFromMemory is not a mono symbol file
Symbol file LoadedFromMemory doesn't match image C:\Users\ASUS\Desktop\Aphaca\RUN\Library\PackageCache\com.unity.visualscripting@1.7.6\Editor\VisualScripting.Core\Dependencies\DotNetZip\Unity.VisualScripting.IonicZip.dll
Native extension for WindowsStandalone target not found
Native extension for Android target not found
Refreshing native plugins compatible for Editor in 0.54 ms, found 3 plugins.
Preloading 0 native plugins for Editor in 0.00 ms.
Mono: successfully reloaded assembly
- Completed reload, in  0.904 seconds
Domain Reload Profiling:
	ReloadAssembly (905ms)
		BeginReloadAssembly (139ms)
			ExecutionOrderSort (0ms)
			DisableScriptedObjects (4ms)
			BackupInstance (0ms)
			ReleaseScriptingObjects (0ms)
			CreateAndSetChildDomain (37ms)
		EndReloadAssembly (677ms)
			LoadAssemblies (97ms)
			RebuildTransferFunctionScriptingTraits (0ms)
			SetupTypeCache (230ms)
			ReleaseScriptCaches (2ms)
			RebuildScriptCaches (32ms)
			SetupLoadedEditorAssemblies (274ms)
				LogAssemblyErrors (0ms)
				InitializePlatformSupportModulesInManaged (23ms)
				SetLoadedEditorAssemblies (0ms)
				RefreshPlugins (1ms)
				BeforeProcessingInitializeOnLoad (65ms)
				ProcessInitializeOnLoadAttributes (152ms)
				ProcessInitializeOnLoadMethodAttributes (18ms)
				AfterProcessingInitializeOnLoad (14ms)
				EditorAssembliesLoaded (0ms)
			ExecutionOrderSort2 (0ms)
			AwakeInstancesAfterBackupRestoration (5ms)
Platform modules already initialized, skipping
Refreshing native plugins compatible for Editor in 2.09 ms, found 3 plugins.
Preloading 0 native plugins for Editor in 0.00 ms.
Unloading 3268 Unused Serialized files (Serialized files now loaded: 0)
Unloading 29 unused Assets / (0.7 MB). Loaded Objects now: 3764.
Memory consumption went from 121.4 MB to 120.7 MB.
Total: 3.021700 ms (FindLiveObjects: 0.225000 ms CreateObjectMapping: 0.078800 ms MarkObjects: 2.435500 ms  DeleteObjects: 0.281200 ms)

AssetImportParameters requested are different than current active one (requested -> active):
  custom:video-decoder-ogg-theora: a1e56fd34408186e4bbccfd4996cb3dc -> 
  custom:container-muxer-webm: aa71ff27fc2769a1b78a27578f13a17b -> 
  custom:container-demuxer-webm: 4f35f7cbe854078d1ac9338744f61a02 -> 
  custom:video-encoder-webm-vp8: eb34c28f22e8b96e1ab97ce403110664 -> 
  custom:video-codec-MediaFoundation-h265: 746d11721c4dcdbdad8f713fa42b33f4 -> 
  custom:audio-encoder-webm-vorbis: bf7c407c2cedff20999df2af8eb42d56 -> 
  custom:framework-win-MediaFoundation: 216162199b28c13a410421893ffa2e32 -> 
  custom:container-demuxer-ogg: 62fdf1f143b41e24485cea50d1cbac27 -> 
  custom:video-decoder-webm-vp8: 9c59270c3fd7afecdb556c50c9e8de78 -> 
  custom:audio-decoder-ogg-vorbis: bf7c407c2cedff20999df2af8eb42d56 -> 
========================================================================
Received Import Request.
  Time since last request: 225.375850 seconds.
  path: Assets/TextMesh Pro/Examples & Extras/Resources/Fonts & Materials/Bangers SDF.asset
  artifactKey: Guid(125cb55b44b24c4393181402bc6200e6) Importer(815301076,1909f56bfc062723c751e8b465ee728b)
Start importing Assets/TextMesh Pro/Examples & Extras/Resources/Fonts & Materials/Bangers SDF.asset using Guid(125cb55b44b24c4393181402bc6200e6) Importer(815301076,1909f56bfc062723c751e8b465ee728b)  -> (artifact id: '7a37fad8345b281a623bd6b9304ccd16') in 0.143214 seconds 
========================================================================
Received Import Request.
  Time since last request: 0.000023 seconds.
  path: Assets/TextMesh Pro/Examples & Extras/Resources/Fonts & Materials/Roboto-Bold SDF.asset
  artifactKey: Guid(5302535af1044152a457ed104f1f4b91) Importer(815301076,1909f56bfc062723c751e8b465ee728b)
Start importing Assets/TextMesh Pro/Examples & Extras/Resources/Fonts & Materials/Roboto-Bold SDF.asset using Guid(5302535af1044152a457ed104f1f4b91) Importer(815301076,1909f56bfc062723c751e8b465ee728b)  -> (artifact id: '9c5265c17b2cde1269a6aa07c2185323') in 0.065542 seconds 
========================================================================
Received Import Request.
  Time since last request: 0.000023 seconds.
  path: Assets/TextMesh Pro/Examples & Extras/Resources/Fonts & Materials/Oswald Bold SDF.asset
  artifactKey: Guid(0161d805a3764c089bef00bfe00793f5) Importer(815301076,1909f56bfc062723c751e8b465ee728b)
Start importing Assets/TextMesh Pro/Examples & Extras/Resources/Fonts & Materials/Oswald Bold SDF.asset using Guid(0161d805a3764c089bef00bfe00793f5) Importer(815301076,1909f56bfc062723c751e8b465ee728b)  -> (artifact id: 'deb9997f2bd569f60f16135f69d02791') in 0.024241 seconds 
========================================================================
Received Import Request.
  Time since last request: 0.859225 seconds.
  path: Assets/TextMesh Pro/Examples & Extras/Resources/Fonts & Materials/Anton SDF.asset
  artifactKey: Guid(8a89fa14b10d46a99122fd4f73fca9a2) Importer(815301076,1909f56bfc062723c751e8b465ee728b)
Start importing Assets/TextMesh Pro/Examples & Extras/Resources/Fonts & Materials/Anton SDF.asset using Guid(8a89fa14b10d46a99122fd4f73fca9a2) Importer(815301076,1909f56bfc062723c751e8b465ee728b)  -> (artifact id: 'c64e23d336f1ab1a33695b7fe1e4648d') in 0.017943 seconds 
========================================================================
Received Import Request.
  Time since last request: 2512.222783 seconds.
  path: Assets/UI/图片2.png
  artifactKey: Guid(a3ebded9429a84545b893a073c6a1c7e) Importer(815301076,1909f56bfc062723c751e8b465ee728b)
Start importing Assets/UI/图片2.png using Guid(a3ebded9429a84545b893a073c6a1c7e) Importer(815301076,1909f56bfc062723c751e8b465ee728b)  -> (artifact id: 'edabfa3023261cc866ecdc0a9648b45d') in 0.024945 seconds 
========================================================================
Received Import Request.
  Time since last request: 5.606291 seconds.
  path: Assets/UI/图片2.png
  artifactKey: Guid(a3ebded9429a84545b893a073c6a1c7e) Importer(815301076,1909f56bfc062723c751e8b465ee728b)
Start importing Assets/UI/图片2.png using Guid(a3ebded9429a84545b893a073c6a1c7e) Importer(815301076,1909f56bfc062723c751e8b465ee728b)  -> (artifact id: '48d0fc7ff68c28b01b3eb85b9998939f') in 0.035887 seconds 
========================================================================
Received Import Request.
  Time since last request: 64.162098 seconds.
  path: Assets/UI/图片3.png
  artifactKey: Guid(3757836493ddfc34fb522199a1b1368d) Importer(815301076,1909f56bfc062723c751e8b465ee728b)
Start importing Assets/UI/图片3.png using Guid(3757836493ddfc34fb522199a1b1368d) Importer(815301076,1909f56bfc062723c751e8b465ee728b)  -> (artifact id: '010f88a4f1ba8e08422a0f6aa529436f') in 0.017327 seconds 
========================================================================
Received Import Request.
  Time since last request: 3.959165 seconds.
  path: Assets/UI/图片3.png
  artifactKey: Guid(3757836493ddfc34fb522199a1b1368d) Importer(815301076,1909f56bfc062723c751e8b465ee728b)
Start importing Assets/UI/图片3.png using Guid(3757836493ddfc34fb522199a1b1368d) Importer(815301076,1909f56bfc062723c751e8b465ee728b)  -> (artifact id: '0818d335dd4b3f385bd8a0dfe8bed1af') in 0.024082 seconds 
========================================================================
Received Import Request.
  Time since last request: 437.406270 seconds.
  path: Assets/Scenes/main.unity
  artifactKey: Guid(7cca283bb08af354eba8c950c20194c0) Importer(815301076,1909f56bfc062723c751e8b465ee728b)
Start importing Assets/Scenes/main.unity using Guid(7cca283bb08af354eba8c950c20194c0) Importer(815301076,1909f56bfc062723c751e8b465ee728b)  -> (artifact id: 'd434fdd8742fc8bc4782f177b5f10417') in 0.003228 seconds 
